{"uuid":"993c5438-9b1b-4dc3-97f6-875f608d0ad1","historyId":"7f49a61b7cd772e011168791e998f2d2","fullName":"Validating the Tree page and its features: Verifying valid code in the text editor - Binary Tree Traversals page","labels":[{"name":"tag","value":"tree"},{"name":"tag","value":"tree26"},{"name":"host","value":"Vineeths-Air.home"},{"name":"thread","value":"84328@Vineeths-Air.home.main(1)"},{"name":"feature","value":"Validating the Tree page and its features"},{"name":"story","value":"Verifying valid code in the text editor - Binary Tree Traversals page"},{"name":"suite","value":"Validating the Tree page and its features"},{"name":"testClass","value":"Verifying valid code in the text editor - Binary Tree Traversals page"},{"name":"framework","value":"cucumber4jvm"},{"name":"language","value":"java"},{"name":"gherkin_uri","value":"file:///Users/Dee/eclipse-workspace/ds_algo/src/test/resources/Features/09_Tree.feature"},{"name":"package","value":"src.test.resources.Features.09_Tree_feature.Validating the Tree page and its features"}],"links":[],"name":"Verifying valid code in the text editor - Binary Tree Traversals page","status":"broken","statusDetails":{"known":false,"muted":false,"flaky":false,"message":"java.lang.reflect.InvocationTargetException\nBuild info: version: '4.8.3', revision: 'e5e76298c3'\nSystem info: os.name: 'Mac OS X', os.arch: 'aarch64', os.version: '12.0.1', java.version: '19.0.1'\nDriver info: org.openqa.selenium.chrome.ChromeDriver\nCommand: [911218ea93f2f5ac20f3e20435132848, actions {actions=[org.openqa.selenium.interactions.Sequence@68ad030d, org.openqa.selenium.interactions.Sequence@71de943f]}]\nCapabilities {acceptInsecureCerts: false, browserName: chrome, browserVersion: 112.0.5615.137, chrome: {chromedriverVersion: 112.0.5615.49 (bd2a7bcb881c..., userDataDir: /var/folders/62/whf64_mn0hn...}, goog:chromeOptions: {debuggerAddress: localhost:53603}, networkConnectionEnabled: false, pageLoadStrategy: normal, platformName: MAC, proxy: Proxy(), se:cdp: ws://localhost:53603/devtoo..., se:cdpVersion: 112.0.5615.137, setWindowRect: true, strictFileInteractability: false, timeouts: {implicit: 0, pageLoad: 300000, script: 30000}, unhandledPromptBehavior: dismiss and notify, webauthn:extension:credBlob: true, webauthn:extension:largeBlob: true, webauthn:extension:minPinLength: true, webauthn:extension:prf: true, webauthn:virtualAuthenticators: true}\nSession ID: 911218ea93f2f5ac20f3e20435132848","trace":"org.openqa.selenium.json.JsonException: java.lang.reflect.InvocationTargetException\nBuild info: version: '4.8.3', revision: 'e5e76298c3'\nSystem info: os.name: 'Mac OS X', os.arch: 'aarch64', os.version: '12.0.1', java.version: '19.0.1'\nDriver info: org.openqa.selenium.chrome.ChromeDriver\nCommand: [911218ea93f2f5ac20f3e20435132848, actions {actions=[org.openqa.selenium.interactions.Sequence@68ad030d, org.openqa.selenium.interactions.Sequence@71de943f]}]\nCapabilities {acceptInsecureCerts: false, browserName: chrome, browserVersion: 112.0.5615.137, chrome: {chromedriverVersion: 112.0.5615.49 (bd2a7bcb881c..., userDataDir: /var/folders/62/whf64_mn0hn...}, goog:chromeOptions: {debuggerAddress: localhost:53603}, networkConnectionEnabled: false, pageLoadStrategy: normal, platformName: MAC, proxy: Proxy(), se:cdp: ws://localhost:53603/devtoo..., se:cdpVersion: 112.0.5615.137, setWindowRect: true, strictFileInteractability: false, timeouts: {implicit: 0, pageLoad: 300000, script: 30000}, unhandledPromptBehavior: dismiss and notify, webauthn:extension:credBlob: true, webauthn:extension:largeBlob: true, webauthn:extension:minPinLength: true, webauthn:extension:prf: true, webauthn:virtualAuthenticators: true}\nSession ID: 911218ea93f2f5ac20f3e20435132848\n\tat org.openqa.selenium.json.JsonOutput.convertUsingMethod(JsonOutput.java:362)\n\tat org.openqa.selenium.json.JsonOutput.lambda$new$16(JsonOutput.java:154)\n\tat org.openqa.selenium.json.JsonOutput.write(JsonOutput.java:287)\n\tat org.openqa.selenium.json.JsonOutput.lambda$new$22(JsonOutput.java:169)\n\tat java.base/java.util.stream.ForEachOps$ForEachOp$OfRef.accept(ForEachOps.java:183)\n\tat java.base/java.util.stream.ReferencePipeline$2$1.accept(ReferencePipeline.java:179)\n\tat java.base/java.util.Iterator.forEachRemaining(Iterator.java:133)\n\tat java.base/java.util.Spliterators$IteratorSpliterator.forEachRemaining(Spliterators.java:1921)\n\tat java.base/java.util.stream.AbstractPipeline.copyInto(AbstractPipeline.java:509)\n\tat java.base/java.util.stream.AbstractPipeline.wrapAndCopyInto(AbstractPipeline.java:499)\n\tat java.base/java.util.stream.ForEachOps$ForEachOp.evaluateSequential(ForEachOps.java:150)\n\tat java.base/java.util.stream.ForEachOps$ForEachOp$OfRef.evaluateSequential(ForEachOps.java:173)\n\tat java.base/java.util.stream.AbstractPipeline.evaluate(AbstractPipeline.java:234)\n\tat java.base/java.util.stream.ReferencePipeline.forEach(ReferencePipeline.java:596)\n\tat org.openqa.selenium.json.JsonOutput.lambda$new$23(JsonOutput.java:169)\n\tat org.openqa.selenium.json.JsonOutput.write(JsonOutput.java:287)\n\tat org.openqa.selenium.json.JsonOutput.lambda$new$24(JsonOutput.java:182)\n\tat com.google.common.collect.SingletonImmutableBiMap.forEach(SingletonImmutableBiMap.java:68)\n\tat org.openqa.selenium.json.JsonOutput.lambda$new$25(JsonOutput.java:177)\n\tat org.openqa.selenium.json.JsonOutput.write(JsonOutput.java:287)\n\tat org.openqa.selenium.json.JsonOutput.write(JsonOutput.java:278)\n\tat org.openqa.selenium.json.Json.toJson(Json.java:42)\n\tat org.openqa.selenium.remote.codec.AbstractHttpCommandCodec.encode(AbstractHttpCommandCodec.java:259)\n\tat org.openqa.selenium.remote.codec.AbstractHttpCommandCodec.encode(AbstractHttpCommandCodec.java:122)\n\tat org.openqa.selenium.remote.HttpCommandExecutor.execute(HttpCommandExecutor.java:181)\n\tat org.openqa.selenium.remote.service.DriverCommandExecutor.invokeExecute(DriverCommandExecutor.java:183)\n\tat org.openqa.selenium.remote.service.DriverCommandExecutor.execute(DriverCommandExecutor.java:158)\n\tat org.openqa.selenium.remote.RemoteWebDriver.execute(RemoteWebDriver.java:543)\n\tat org.openqa.selenium.remote.RemoteWebDriver.perform(RemoteWebDriver.java:611)\n\tat org.openqa.selenium.interactions.Actions$BuiltAction.perform(Actions.java:567)\n\tat org.openqa.selenium.interactions.Actions.perform(Actions.java:536)\n\tat utilities.ElementsUtil.enterCode(ElementsUtil.java:42)\n\tat pageObjects.LinkedList.enterPythonCode(LinkedList.java:122)\n\tat stepDefinitions.LinkedList_SD.user_enters_a_valid_python_code_from_sheet_and(LinkedList_SD.java:62)\n\tat ✽.User enters a valid python code from sheet \"PythonCode\" and 20(file:///Users/Dee/eclipse-workspace/ds_algo/src/test/resources/Features/09_Tree.feature:216)\n\tSuppressed: org.openqa.selenium.json.JsonException: Attempting to close incomplete json stream\nBuild info: version: '4.8.3', revision: 'e5e76298c3'\nSystem info: os.name: 'Mac OS X', os.arch: 'aarch64', os.version: '12.0.1', java.version: '19.0.1'\nDriver info: driver.version: RemoteWebDriver\n\t\tat org.openqa.selenium.json.JsonOutput.close(JsonOutput.java:303)\n\t\tat org.openqa.selenium.json.Json.toJson(Json.java:40)\n\t\tat org.openqa.selenium.remote.codec.AbstractHttpCommandCodec.encode(AbstractHttpCommandCodec.java:259)\n\t\tat org.openqa.selenium.remote.codec.AbstractHttpCommandCodec.encode(AbstractHttpCommandCodec.java:122)\n\t\tat org.openqa.selenium.remote.HttpCommandExecutor.execute(HttpCommandExecutor.java:181)\n\t\tat org.openqa.selenium.remote.service.DriverCommandExecutor.invokeExecute(DriverCommandExecutor.java:183)\n\t\tat org.openqa.selenium.remote.service.DriverCommandExecutor.execute(DriverCommandExecutor.java:158)\n\t\tat org.openqa.selenium.remote.RemoteWebDriver.execute(RemoteWebDriver.java:543)\n\t\tat org.openqa.selenium.remote.RemoteWebDriver.perform(RemoteWebDriver.java:611)\n\t\tat org.openqa.selenium.interactions.Actions$BuiltAction.perform(Actions.java:567)\n\t\tat org.openqa.selenium.interactions.Actions.perform(Actions.java:536)\n\t\tat utilities.ElementsUtil.enterCode(ElementsUtil.java:42)\n\t\tat pageObjects.LinkedList.enterPythonCode(LinkedList.java:122)\n\t\tat stepDefinitions.LinkedList_SD.user_enters_a_valid_python_code_from_sheet_and(LinkedList_SD.java:62)\n\t\tat java.base/jdk.internal.reflect.DirectMethodHandleAccessor.invoke(DirectMethodHandleAccessor.java:104)\n\t\tat java.base/java.lang.reflect.Method.invoke(Method.java:578)\n\t\tat io.cucumber.java.Invoker.doInvoke(Invoker.java:66)\n\t\tat io.cucumber.java.Invoker.invoke(Invoker.java:24)\n\t\tat io.cucumber.java.AbstractGlueDefinition.invokeMethod(AbstractGlueDefinition.java:47)\n\t\tat io.cucumber.java.JavaStepDefinition.execute(JavaStepDefinition.java:29)\n\t\tat io.cucumber.core.runner.CoreStepDefinition.execute(CoreStepDefinition.java:66)\n\t\tat io.cucumber.core.runner.PickleStepDefinitionMatch.runStep(PickleStepDefinitionMatch.java:63)\n\t\tat io.cucumber.core.runner.ExecutionMode$1.execute(ExecutionMode.java:10)\n\t\tat io.cucumber.core.runner.TestStep.executeStep(TestStep.java:86)\n\t\tat io.cucumber.core.runner.TestStep.run(TestStep.java:57)\n\t\tat io.cucumber.core.runner.PickleStepTestStep.run(PickleStepTestStep.java:51)\n\t\tat io.cucumber.core.runner.TestCase.run(TestCase.java:95)\n\t\tat io.cucumber.core.runner.Runner.runPickle(Runner.java:75)\n\t\tat io.cucumber.testng.TestNGCucumberRunner.lambda$runScenario$1(TestNGCucumberRunner.java:132)\n\t\tat io.cucumber.core.runtime.CucumberExecutionContext.lambda$runTestCase$3(CucumberExecutionContext.java:151)\n\t\tat io.cucumber.core.runtime.RethrowingThrowableCollector.executeAndThrow(RethrowingThrowableCollector.java:23)\n\t\tat io.cucumber.core.runtime.CucumberExecutionContext.runTestCase(CucumberExecutionContext.java:151)\n\t\tat io.cucumber.testng.TestNGCucumberRunner.runScenario(TestNGCucumberRunner.java:129)\n\t\tat io.cucumber.testng.AbstractTestNGCucumberTests.runScenario(AbstractTestNGCucumberTests.java:35)\n\t\tat java.base/jdk.internal.reflect.DirectMethodHandleAccessor.invoke(DirectMethodHandleAccessor.java:104)\n\t\tat java.base/java.lang.reflect.Method.invoke(Method.java:578)\n\t\tat org.testng.internal.invokers.MethodInvocationHelper.invokeMethod(MethodInvocationHelper.java:139)\n\t\tat org.testng.internal.invokers.TestInvoker.invokeMethod(TestInvoker.java:677)\n\t\tat org.testng.internal.invokers.TestInvoker.invokeTestMethod(TestInvoker.java:221)\n\t\tat org.testng.internal.invokers.MethodRunner.runInSequence(MethodRunner.java:50)\n\t\tat org.testng.internal.invokers.TestInvoker$MethodInvocationAgent.invoke(TestInvoker.java:969)\n\t\tat org.testng.internal.invokers.TestInvoker.invokeTestMethods(TestInvoker.java:194)\n\t\tat org.testng.internal.invokers.TestMethodWorker.invokeTestMethods(TestMethodWorker.java:148)\n\t\tat org.testng.internal.invokers.TestMethodWorker.run(TestMethodWorker.java:128)\n\t\tat java.base/java.util.ArrayList.forEach(ArrayList.java:1511)\n\t\tat org.testng.TestRunner.privateRun(TestRunner.java:829)\n\t\tat org.testng.TestRunner.run(TestRunner.java:602)\n\t\tat org.testng.SuiteRunner.runTest(SuiteRunner.java:437)\n\t\tat org.testng.SuiteRunner.runSequentially(SuiteRunner.java:431)\n\t\tat org.testng.SuiteRunner.privateRun(SuiteRunner.java:391)\n\t\tat org.testng.SuiteRunner.run(SuiteRunner.java:330)\n\t\tat org.testng.SuiteRunnerWorker.runSuite(SuiteRunnerWorker.java:52)\n\t\tat org.testng.SuiteRunnerWorker.run(SuiteRunnerWorker.java:95)\n\t\tat org.testng.TestNG.runSuitesSequentially(TestNG.java:1256)\n\t\tat org.testng.TestNG.runSuitesLocally(TestNG.java:1176)\n\t\tat org.testng.TestNG.runSuites(TestNG.java:1099)\n\t\tat org.testng.TestNG.run(TestNG.java:1067)\n\t\tat org.testng.remote.AbstractRemoteTestNG.run(AbstractRemoteTestNG.java:115)\n\t\tat org.testng.remote.RemoteTestNG.initAndRun(RemoteTestNG.java:251)\n\t\tat org.testng.remote.RemoteTestNG.main(RemoteTestNG.java:77)\nCaused by: java.lang.reflect.InvocationTargetException\n\tat java.base/jdk.internal.reflect.DirectMethodHandleAccessor.invoke(DirectMethodHandleAccessor.java:119)\n\tat java.base/java.lang.reflect.Method.invoke(Method.java:578)\n\tat org.openqa.selenium.json.JsonOutput.convertUsingMethod(JsonOutput.java:358)\n\tat org.openqa.selenium.json.JsonOutput.lambda$new$16(JsonOutput.java:154)\n\tat org.openqa.selenium.json.JsonOutput.write(JsonOutput.java:287)\n\tat org.openqa.selenium.json.JsonOutput.lambda$new$22(JsonOutput.java:169)\n\tat java.base/java.util.stream.ForEachOps$ForEachOp$OfRef.accept(ForEachOps.java:183)\n\tat java.base/java.util.stream.ReferencePipeline$2$1.accept(ReferencePipeline.java:179)\n\tat java.base/java.util.Iterator.forEachRemaining(Iterator.java:133)\n\tat java.base/java.util.Spliterators$IteratorSpliterator.forEachRemaining(Spliterators.java:1921)\n\tat java.base/java.util.stream.AbstractPipeline.copyInto(AbstractPipeline.java:509)\n\tat java.base/java.util.stream.AbstractPipeline.wrapAndCopyInto(AbstractPipeline.java:499)\n\tat java.base/java.util.stream.ForEachOps$ForEachOp.evaluateSequential(ForEachOps.java:150)\n\tat java.base/java.util.stream.ForEachOps$ForEachOp$OfRef.evaluateSequential(ForEachOps.java:173)\n\tat java.base/java.util.stream.AbstractPipeline.evaluate(AbstractPipeline.java:234)\n\tat java.base/java.util.stream.ReferencePipeline.forEach(ReferencePipeline.java:596)\n\tat org.openqa.selenium.json.JsonOutput.lambda$new$23(JsonOutput.java:169)\n\tat org.openqa.selenium.json.JsonOutput.write(JsonOutput.java:287)\n\tat org.openqa.selenium.json.JsonOutput.lambda$new$24(JsonOutput.java:182)\n\tat com.google.common.collect.SingletonImmutableBiMap.forEach(SingletonImmutableBiMap.java:68)\n\tat org.openqa.selenium.json.JsonOutput.lambda$new$25(JsonOutput.java:177)\n\tat org.openqa.selenium.json.JsonOutput.write(JsonOutput.java:287)\n\tat org.openqa.selenium.json.JsonOutput.write(JsonOutput.java:278)\n\tat org.openqa.selenium.json.Json.toJson(Json.java:42)\n\tat org.openqa.selenium.remote.codec.AbstractHttpCommandCodec.encode(AbstractHttpCommandCodec.java:259)\n\tat org.openqa.selenium.remote.codec.AbstractHttpCommandCodec.encode(AbstractHttpCommandCodec.java:122)\n\tat org.openqa.selenium.remote.HttpCommandExecutor.execute(HttpCommandExecutor.java:181)\n\tat org.openqa.selenium.remote.service.DriverCommandExecutor.invokeExecute(DriverCommandExecutor.java:183)\n\tat org.openqa.selenium.remote.service.DriverCommandExecutor.execute(DriverCommandExecutor.java:158)\n\tat org.openqa.selenium.remote.RemoteWebDriver.execute(RemoteWebDriver.java:543)\n\tat org.openqa.selenium.remote.RemoteWebDriver.perform(RemoteWebDriver.java:611)\n\tat org.openqa.selenium.interactions.Actions$BuiltAction.perform(Actions.java:567)\n\tat org.openqa.selenium.interactions.Actions.perform(Actions.java:536)\n\tat utilities.ElementsUtil.enterCode(ElementsUtil.java:42)\n\tat pageObjects.LinkedList.enterPythonCode(LinkedList.java:122)\n\tat stepDefinitions.LinkedList_SD.user_enters_a_valid_python_code_from_sheet_and(LinkedList_SD.java:62)\n\tat java.base/jdk.internal.reflect.DirectMethodHandleAccessor.invoke(DirectMethodHandleAccessor.java:104)\n\tat java.base/java.lang.reflect.Method.invoke(Method.java:578)\n\tat io.cucumber.java.Invoker.doInvoke(Invoker.java:66)\n\tat io.cucumber.java.Invoker.invoke(Invoker.java:24)\n\tat io.cucumber.java.AbstractGlueDefinition.invokeMethod(AbstractGlueDefinition.java:47)\n\tat io.cucumber.java.JavaStepDefinition.execute(JavaStepDefinition.java:29)\n\tat io.cucumber.core.runner.CoreStepDefinition.execute(CoreStepDefinition.java:66)\n\tat io.cucumber.core.runner.PickleStepDefinitionMatch.runStep(PickleStepDefinitionMatch.java:63)\n\tat io.cucumber.core.runner.ExecutionMode$1.execute(ExecutionMode.java:10)\n\tat io.cucumber.core.runner.TestStep.executeStep(TestStep.java:86)\n\tat io.cucumber.core.runner.TestStep.run(TestStep.java:57)\n\tat io.cucumber.core.runner.PickleStepTestStep.run(PickleStepTestStep.java:51)\n\tat io.cucumber.core.runner.TestCase.run(TestCase.java:95)\n\tat io.cucumber.core.runner.Runner.runPickle(Runner.java:75)\n\tat io.cucumber.testng.TestNGCucumberRunner.lambda$runScenario$1(TestNGCucumberRunner.java:132)\n\tat io.cucumber.core.runtime.CucumberExecutionContext.lambda$runTestCase$3(CucumberExecutionContext.java:151)\n\tat io.cucumber.core.runtime.RethrowingThrowableCollector.executeAndThrow(RethrowingThrowableCollector.java:23)\n\tat io.cucumber.core.runtime.CucumberExecutionContext.runTestCase(CucumberExecutionContext.java:151)\n\tat io.cucumber.testng.TestNGCucumberRunner.runScenario(TestNGCucumberRunner.java:129)\n\tat io.cucumber.testng.AbstractTestNGCucumberTests.runScenario(AbstractTestNGCucumberTests.java:35)\n\tat java.base/jdk.internal.reflect.DirectMethodHandleAccessor.invoke(DirectMethodHandleAccessor.java:104)\n\tat java.base/java.lang.reflect.Method.invoke(Method.java:578)\n\tat org.testng.internal.invokers.MethodInvocationHelper.invokeMethod(MethodInvocationHelper.java:139)\n\tat org.testng.internal.invokers.TestInvoker.invokeMethod(TestInvoker.java:677)\n\tat org.testng.internal.invokers.TestInvoker.invokeTestMethod(TestInvoker.java:221)\n\tat org.testng.internal.invokers.MethodRunner.runInSequence(MethodRunner.java:50)\n\tat org.testng.internal.invokers.TestInvoker$MethodInvocationAgent.invoke(TestInvoker.java:969)\n\tat org.testng.internal.invokers.TestInvoker.invokeTestMethods(TestInvoker.java:194)\n\tat org.testng.internal.invokers.TestMethodWorker.invokeTestMethods(TestMethodWorker.java:148)\n\tat org.testng.internal.invokers.TestMethodWorker.run(TestMethodWorker.java:128)\n\tat java.base/java.util.ArrayList.forEach(ArrayList.java:1511)\n\tat org.testng.TestRunner.privateRun(TestRunner.java:829)\n\tat org.testng.TestRunner.run(TestRunner.java:602)\n\tat org.testng.SuiteRunner.runTest(SuiteRunner.java:437)\n\tat org.testng.SuiteRunner.runSequentially(SuiteRunner.java:431)\n\tat org.testng.SuiteRunner.privateRun(SuiteRunner.java:391)\n\tat org.testng.SuiteRunner.run(SuiteRunner.java:330)\n\tat org.testng.SuiteRunnerWorker.runSuite(SuiteRunnerWorker.java:52)\n\tat org.testng.SuiteRunnerWorker.run(SuiteRunnerWorker.java:95)\n\tat org.testng.TestNG.runSuitesSequentially(TestNG.java:1256)\n\tat org.testng.TestNG.runSuitesLocally(TestNG.java:1176)\n\tat org.testng.TestNG.runSuites(TestNG.java:1099)\n\tat org.testng.TestNG.run(TestNG.java:1067)\n\tat org.testng.remote.AbstractRemoteTestNG.run(AbstractRemoteTestNG.java:115)\n\tat org.testng.remote.RemoteTestNG.initAndRun(RemoteTestNG.java:251)\n\tat org.testng.remote.RemoteTestNG.main(RemoteTestNG.java:77)\nCaused by: org.openqa.selenium.WebDriverException: disconnected: not connected to DevTools\n  (failed to check if window was closed: disconnected: not connected to DevTools)\n  (Session info: chrome=112.0.5615.137)\nBuild info: version: '4.8.3', revision: 'e5e76298c3'\nSystem info: os.name: 'Mac OS X', os.arch: 'aarch64', os.version: '12.0.1', java.version: '19.0.1'\nDriver info: org.openqa.selenium.chrome.ChromeDriver\nCommand: [911218ea93f2f5ac20f3e20435132848, findElement {using=xpath, value=//form[@id='answer_form']/div/div/div/textarea}]\nCapabilities {acceptInsecureCerts: false, browserName: chrome, browserVersion: 112.0.5615.137, chrome: {chromedriverVersion: 112.0.5615.49 (bd2a7bcb881c..., userDataDir: /var/folders/62/whf64_mn0hn...}, goog:chromeOptions: {debuggerAddress: localhost:53603}, networkConnectionEnabled: false, pageLoadStrategy: normal, platformName: MAC, proxy: Proxy(), se:cdp: ws://localhost:53603/devtoo..., se:cdpVersion: 112.0.5615.137, setWindowRect: true, strictFileInteractability: false, timeouts: {implicit: 0, pageLoad: 300000, script: 30000}, unhandledPromptBehavior: dismiss and notify, webauthn:extension:credBlob: true, webauthn:extension:largeBlob: true, webauthn:extension:minPinLength: true, webauthn:extension:prf: true, webauthn:virtualAuthenticators: true}\nSession ID: 911218ea93f2f5ac20f3e20435132848\n\tat java.base/jdk.internal.reflect.DirectConstructorHandleAccessor.newInstance(DirectConstructorHandleAccessor.java:67)\n\tat java.base/java.lang.reflect.Constructor.newInstanceWithCaller(Constructor.java:500)\n\tat java.base/java.lang.reflect.Constructor.newInstance(Constructor.java:484)\n\tat org.openqa.selenium.remote.codec.w3c.W3CHttpResponseCodec.createException(W3CHttpResponseCodec.java:200)\n\tat org.openqa.selenium.remote.codec.w3c.W3CHttpResponseCodec.decode(W3CHttpResponseCodec.java:133)\n\tat org.openqa.selenium.remote.codec.w3c.W3CHttpResponseCodec.decode(W3CHttpResponseCodec.java:53)\n\tat org.openqa.selenium.remote.HttpCommandExecutor.execute(HttpCommandExecutor.java:193)\n\tat org.openqa.selenium.remote.service.DriverCommandExecutor.invokeExecute(DriverCommandExecutor.java:183)\n\tat org.openqa.selenium.remote.service.DriverCommandExecutor.execute(DriverCommandExecutor.java:158)\n\tat org.openqa.selenium.remote.RemoteWebDriver.execute(RemoteWebDriver.java:543)\n\tat org.openqa.selenium.remote.ElementLocation$ElementFinder$2.findElement(ElementLocation.java:162)\n\tat org.openqa.selenium.remote.ElementLocation.findElement(ElementLocation.java:60)\n\tat org.openqa.selenium.remote.RemoteWebDriver.findElement(RemoteWebDriver.java:352)\n\tat org.openqa.selenium.remote.RemoteWebDriver.findElement(RemoteWebDriver.java:344)\n\tat org.openqa.selenium.support.pagefactory.DefaultElementLocator.findElement(DefaultElementLocator.java:70)\n\tat org.openqa.selenium.support.pagefactory.internal.LocatingElementHandler.invoke(LocatingElementHandler.java:39)\n\tat jdk.proxy2/jdk.proxy2.$Proxy44.getWrappedElement(Unknown Source)\n\tat org.openqa.selenium.interactions.PointerInput$Origin.asArg(PointerInput.java:269)\n\tat org.openqa.selenium.interactions.PointerInput$Move.encode(PointerInput.java:218)\n\tat org.openqa.selenium.interactions.Sequence.encode(Sequence.java:73)\n\tat org.openqa.selenium.interactions.Sequence.toJson(Sequence.java:82)\n\tat java.base/jdk.internal.reflect.DirectMethodHandleAccessor.invoke(DirectMethodHandleAccessor.java:104)\n\t... 81 more\n"},"stage":"finished","steps":[{"name":"When  User enters a valid python code from sheet \"PythonCode\" and 20","status":"broken","statusDetails":{"known":false,"muted":false,"flaky":false,"message":"java.lang.reflect.InvocationTargetException\nBuild info: version: '4.8.3', revision: 'e5e76298c3'\nSystem info: os.name: 'Mac OS X', os.arch: 'aarch64', os.version: '12.0.1', java.version: '19.0.1'\nDriver info: org.openqa.selenium.chrome.ChromeDriver\nCommand: [911218ea93f2f5ac20f3e20435132848, actions {actions=[org.openqa.selenium.interactions.Sequence@68ad030d, org.openqa.selenium.interactions.Sequence@71de943f]}]\nCapabilities {acceptInsecureCerts: false, browserName: chrome, browserVersion: 112.0.5615.137, chrome: {chromedriverVersion: 112.0.5615.49 (bd2a7bcb881c..., userDataDir: /var/folders/62/whf64_mn0hn...}, goog:chromeOptions: {debuggerAddress: localhost:53603}, networkConnectionEnabled: false, pageLoadStrategy: normal, platformName: MAC, proxy: Proxy(), se:cdp: ws://localhost:53603/devtoo..., se:cdpVersion: 112.0.5615.137, setWindowRect: true, strictFileInteractability: false, timeouts: {implicit: 0, pageLoad: 300000, script: 30000}, unhandledPromptBehavior: dismiss and notify, webauthn:extension:credBlob: true, webauthn:extension:largeBlob: true, webauthn:extension:minPinLength: true, webauthn:extension:prf: true, webauthn:virtualAuthenticators: true}\nSession ID: 911218ea93f2f5ac20f3e20435132848","trace":"org.openqa.selenium.json.JsonException: java.lang.reflect.InvocationTargetException\nBuild info: version: '4.8.3', revision: 'e5e76298c3'\nSystem info: os.name: 'Mac OS X', os.arch: 'aarch64', os.version: '12.0.1', java.version: '19.0.1'\nDriver info: org.openqa.selenium.chrome.ChromeDriver\nCommand: [911218ea93f2f5ac20f3e20435132848, actions {actions=[org.openqa.selenium.interactions.Sequence@68ad030d, org.openqa.selenium.interactions.Sequence@71de943f]}]\nCapabilities {acceptInsecureCerts: false, browserName: chrome, browserVersion: 112.0.5615.137, chrome: {chromedriverVersion: 112.0.5615.49 (bd2a7bcb881c..., userDataDir: /var/folders/62/whf64_mn0hn...}, goog:chromeOptions: {debuggerAddress: localhost:53603}, networkConnectionEnabled: false, pageLoadStrategy: normal, platformName: MAC, proxy: Proxy(), se:cdp: ws://localhost:53603/devtoo..., se:cdpVersion: 112.0.5615.137, setWindowRect: true, strictFileInteractability: false, timeouts: {implicit: 0, pageLoad: 300000, script: 30000}, unhandledPromptBehavior: dismiss and notify, webauthn:extension:credBlob: true, webauthn:extension:largeBlob: true, webauthn:extension:minPinLength: true, webauthn:extension:prf: true, webauthn:virtualAuthenticators: true}\nSession ID: 911218ea93f2f5ac20f3e20435132848\n\tat org.openqa.selenium.json.JsonOutput.convertUsingMethod(JsonOutput.java:362)\n\tat org.openqa.selenium.json.JsonOutput.lambda$new$16(JsonOutput.java:154)\n\tat org.openqa.selenium.json.JsonOutput.write(JsonOutput.java:287)\n\tat org.openqa.selenium.json.JsonOutput.lambda$new$22(JsonOutput.java:169)\n\tat java.base/java.util.stream.ForEachOps$ForEachOp$OfRef.accept(ForEachOps.java:183)\n\tat java.base/java.util.stream.ReferencePipeline$2$1.accept(ReferencePipeline.java:179)\n\tat java.base/java.util.Iterator.forEachRemaining(Iterator.java:133)\n\tat java.base/java.util.Spliterators$IteratorSpliterator.forEachRemaining(Spliterators.java:1921)\n\tat java.base/java.util.stream.AbstractPipeline.copyInto(AbstractPipeline.java:509)\n\tat java.base/java.util.stream.AbstractPipeline.wrapAndCopyInto(AbstractPipeline.java:499)\n\tat java.base/java.util.stream.ForEachOps$ForEachOp.evaluateSequential(ForEachOps.java:150)\n\tat java.base/java.util.stream.ForEachOps$ForEachOp$OfRef.evaluateSequential(ForEachOps.java:173)\n\tat java.base/java.util.stream.AbstractPipeline.evaluate(AbstractPipeline.java:234)\n\tat java.base/java.util.stream.ReferencePipeline.forEach(ReferencePipeline.java:596)\n\tat org.openqa.selenium.json.JsonOutput.lambda$new$23(JsonOutput.java:169)\n\tat org.openqa.selenium.json.JsonOutput.write(JsonOutput.java:287)\n\tat org.openqa.selenium.json.JsonOutput.lambda$new$24(JsonOutput.java:182)\n\tat com.google.common.collect.SingletonImmutableBiMap.forEach(SingletonImmutableBiMap.java:68)\n\tat org.openqa.selenium.json.JsonOutput.lambda$new$25(JsonOutput.java:177)\n\tat org.openqa.selenium.json.JsonOutput.write(JsonOutput.java:287)\n\tat org.openqa.selenium.json.JsonOutput.write(JsonOutput.java:278)\n\tat org.openqa.selenium.json.Json.toJson(Json.java:42)\n\tat org.openqa.selenium.remote.codec.AbstractHttpCommandCodec.encode(AbstractHttpCommandCodec.java:259)\n\tat org.openqa.selenium.remote.codec.AbstractHttpCommandCodec.encode(AbstractHttpCommandCodec.java:122)\n\tat org.openqa.selenium.remote.HttpCommandExecutor.execute(HttpCommandExecutor.java:181)\n\tat org.openqa.selenium.remote.service.DriverCommandExecutor.invokeExecute(DriverCommandExecutor.java:183)\n\tat org.openqa.selenium.remote.service.DriverCommandExecutor.execute(DriverCommandExecutor.java:158)\n\tat org.openqa.selenium.remote.RemoteWebDriver.execute(RemoteWebDriver.java:543)\n\tat org.openqa.selenium.remote.RemoteWebDriver.perform(RemoteWebDriver.java:611)\n\tat org.openqa.selenium.interactions.Actions$BuiltAction.perform(Actions.java:567)\n\tat org.openqa.selenium.interactions.Actions.perform(Actions.java:536)\n\tat utilities.ElementsUtil.enterCode(ElementsUtil.java:42)\n\tat pageObjects.LinkedList.enterPythonCode(LinkedList.java:122)\n\tat stepDefinitions.LinkedList_SD.user_enters_a_valid_python_code_from_sheet_and(LinkedList_SD.java:62)\n\tat ✽.User enters a valid python code from sheet \"PythonCode\" and 20(file:///Users/Dee/eclipse-workspace/ds_algo/src/test/resources/Features/09_Tree.feature:216)\n\tSuppressed: org.openqa.selenium.json.JsonException: Attempting to close incomplete json stream\nBuild info: version: '4.8.3', revision: 'e5e76298c3'\nSystem info: os.name: 'Mac OS X', os.arch: 'aarch64', os.version: '12.0.1', java.version: '19.0.1'\nDriver info: driver.version: RemoteWebDriver\n\t\tat org.openqa.selenium.json.JsonOutput.close(JsonOutput.java:303)\n\t\tat org.openqa.selenium.json.Json.toJson(Json.java:40)\n\t\tat org.openqa.selenium.remote.codec.AbstractHttpCommandCodec.encode(AbstractHttpCommandCodec.java:259)\n\t\tat org.openqa.selenium.remote.codec.AbstractHttpCommandCodec.encode(AbstractHttpCommandCodec.java:122)\n\t\tat org.openqa.selenium.remote.HttpCommandExecutor.execute(HttpCommandExecutor.java:181)\n\t\tat org.openqa.selenium.remote.service.DriverCommandExecutor.invokeExecute(DriverCommandExecutor.java:183)\n\t\tat org.openqa.selenium.remote.service.DriverCommandExecutor.execute(DriverCommandExecutor.java:158)\n\t\tat org.openqa.selenium.remote.RemoteWebDriver.execute(RemoteWebDriver.java:543)\n\t\tat org.openqa.selenium.remote.RemoteWebDriver.perform(RemoteWebDriver.java:611)\n\t\tat org.openqa.selenium.interactions.Actions$BuiltAction.perform(Actions.java:567)\n\t\tat org.openqa.selenium.interactions.Actions.perform(Actions.java:536)\n\t\tat utilities.ElementsUtil.enterCode(ElementsUtil.java:42)\n\t\tat pageObjects.LinkedList.enterPythonCode(LinkedList.java:122)\n\t\tat stepDefinitions.LinkedList_SD.user_enters_a_valid_python_code_from_sheet_and(LinkedList_SD.java:62)\n\t\tat java.base/jdk.internal.reflect.DirectMethodHandleAccessor.invoke(DirectMethodHandleAccessor.java:104)\n\t\tat java.base/java.lang.reflect.Method.invoke(Method.java:578)\n\t\tat io.cucumber.java.Invoker.doInvoke(Invoker.java:66)\n\t\tat io.cucumber.java.Invoker.invoke(Invoker.java:24)\n\t\tat io.cucumber.java.AbstractGlueDefinition.invokeMethod(AbstractGlueDefinition.java:47)\n\t\tat io.cucumber.java.JavaStepDefinition.execute(JavaStepDefinition.java:29)\n\t\tat io.cucumber.core.runner.CoreStepDefinition.execute(CoreStepDefinition.java:66)\n\t\tat io.cucumber.core.runner.PickleStepDefinitionMatch.runStep(PickleStepDefinitionMatch.java:63)\n\t\tat io.cucumber.core.runner.ExecutionMode$1.execute(ExecutionMode.java:10)\n\t\tat io.cucumber.core.runner.TestStep.executeStep(TestStep.java:86)\n\t\tat io.cucumber.core.runner.TestStep.run(TestStep.java:57)\n\t\tat io.cucumber.core.runner.PickleStepTestStep.run(PickleStepTestStep.java:51)\n\t\tat io.cucumber.core.runner.TestCase.run(TestCase.java:95)\n\t\tat io.cucumber.core.runner.Runner.runPickle(Runner.java:75)\n\t\tat io.cucumber.testng.TestNGCucumberRunner.lambda$runScenario$1(TestNGCucumberRunner.java:132)\n\t\tat io.cucumber.core.runtime.CucumberExecutionContext.lambda$runTestCase$3(CucumberExecutionContext.java:151)\n\t\tat io.cucumber.core.runtime.RethrowingThrowableCollector.executeAndThrow(RethrowingThrowableCollector.java:23)\n\t\tat io.cucumber.core.runtime.CucumberExecutionContext.runTestCase(CucumberExecutionContext.java:151)\n\t\tat io.cucumber.testng.TestNGCucumberRunner.runScenario(TestNGCucumberRunner.java:129)\n\t\tat io.cucumber.testng.AbstractTestNGCucumberTests.runScenario(AbstractTestNGCucumberTests.java:35)\n\t\tat java.base/jdk.internal.reflect.DirectMethodHandleAccessor.invoke(DirectMethodHandleAccessor.java:104)\n\t\tat java.base/java.lang.reflect.Method.invoke(Method.java:578)\n\t\tat org.testng.internal.invokers.MethodInvocationHelper.invokeMethod(MethodInvocationHelper.java:139)\n\t\tat org.testng.internal.invokers.TestInvoker.invokeMethod(TestInvoker.java:677)\n\t\tat org.testng.internal.invokers.TestInvoker.invokeTestMethod(TestInvoker.java:221)\n\t\tat org.testng.internal.invokers.MethodRunner.runInSequence(MethodRunner.java:50)\n\t\tat org.testng.internal.invokers.TestInvoker$MethodInvocationAgent.invoke(TestInvoker.java:969)\n\t\tat org.testng.internal.invokers.TestInvoker.invokeTestMethods(TestInvoker.java:194)\n\t\tat org.testng.internal.invokers.TestMethodWorker.invokeTestMethods(TestMethodWorker.java:148)\n\t\tat org.testng.internal.invokers.TestMethodWorker.run(TestMethodWorker.java:128)\n\t\tat java.base/java.util.ArrayList.forEach(ArrayList.java:1511)\n\t\tat org.testng.TestRunner.privateRun(TestRunner.java:829)\n\t\tat org.testng.TestRunner.run(TestRunner.java:602)\n\t\tat org.testng.SuiteRunner.runTest(SuiteRunner.java:437)\n\t\tat org.testng.SuiteRunner.runSequentially(SuiteRunner.java:431)\n\t\tat org.testng.SuiteRunner.privateRun(SuiteRunner.java:391)\n\t\tat org.testng.SuiteRunner.run(SuiteRunner.java:330)\n\t\tat org.testng.SuiteRunnerWorker.runSuite(SuiteRunnerWorker.java:52)\n\t\tat org.testng.SuiteRunnerWorker.run(SuiteRunnerWorker.java:95)\n\t\tat org.testng.TestNG.runSuitesSequentially(TestNG.java:1256)\n\t\tat org.testng.TestNG.runSuitesLocally(TestNG.java:1176)\n\t\tat org.testng.TestNG.runSuites(TestNG.java:1099)\n\t\tat org.testng.TestNG.run(TestNG.java:1067)\n\t\tat org.testng.remote.AbstractRemoteTestNG.run(AbstractRemoteTestNG.java:115)\n\t\tat org.testng.remote.RemoteTestNG.initAndRun(RemoteTestNG.java:251)\n\t\tat org.testng.remote.RemoteTestNG.main(RemoteTestNG.java:77)\nCaused by: java.lang.reflect.InvocationTargetException\n\tat java.base/jdk.internal.reflect.DirectMethodHandleAccessor.invoke(DirectMethodHandleAccessor.java:119)\n\tat java.base/java.lang.reflect.Method.invoke(Method.java:578)\n\tat org.openqa.selenium.json.JsonOutput.convertUsingMethod(JsonOutput.java:358)\n\tat org.openqa.selenium.json.JsonOutput.lambda$new$16(JsonOutput.java:154)\n\tat org.openqa.selenium.json.JsonOutput.write(JsonOutput.java:287)\n\tat org.openqa.selenium.json.JsonOutput.lambda$new$22(JsonOutput.java:169)\n\tat java.base/java.util.stream.ForEachOps$ForEachOp$OfRef.accept(ForEachOps.java:183)\n\tat java.base/java.util.stream.ReferencePipeline$2$1.accept(ReferencePipeline.java:179)\n\tat java.base/java.util.Iterator.forEachRemaining(Iterator.java:133)\n\tat java.base/java.util.Spliterators$IteratorSpliterator.forEachRemaining(Spliterators.java:1921)\n\tat java.base/java.util.stream.AbstractPipeline.copyInto(AbstractPipeline.java:509)\n\tat java.base/java.util.stream.AbstractPipeline.wrapAndCopyInto(AbstractPipeline.java:499)\n\tat java.base/java.util.stream.ForEachOps$ForEachOp.evaluateSequential(ForEachOps.java:150)\n\tat java.base/java.util.stream.ForEachOps$ForEachOp$OfRef.evaluateSequential(ForEachOps.java:173)\n\tat java.base/java.util.stream.AbstractPipeline.evaluate(AbstractPipeline.java:234)\n\tat java.base/java.util.stream.ReferencePipeline.forEach(ReferencePipeline.java:596)\n\tat org.openqa.selenium.json.JsonOutput.lambda$new$23(JsonOutput.java:169)\n\tat org.openqa.selenium.json.JsonOutput.write(JsonOutput.java:287)\n\tat org.openqa.selenium.json.JsonOutput.lambda$new$24(JsonOutput.java:182)\n\tat com.google.common.collect.SingletonImmutableBiMap.forEach(SingletonImmutableBiMap.java:68)\n\tat org.openqa.selenium.json.JsonOutput.lambda$new$25(JsonOutput.java:177)\n\tat org.openqa.selenium.json.JsonOutput.write(JsonOutput.java:287)\n\tat org.openqa.selenium.json.JsonOutput.write(JsonOutput.java:278)\n\tat org.openqa.selenium.json.Json.toJson(Json.java:42)\n\tat org.openqa.selenium.remote.codec.AbstractHttpCommandCodec.encode(AbstractHttpCommandCodec.java:259)\n\tat org.openqa.selenium.remote.codec.AbstractHttpCommandCodec.encode(AbstractHttpCommandCodec.java:122)\n\tat org.openqa.selenium.remote.HttpCommandExecutor.execute(HttpCommandExecutor.java:181)\n\tat org.openqa.selenium.remote.service.DriverCommandExecutor.invokeExecute(DriverCommandExecutor.java:183)\n\tat org.openqa.selenium.remote.service.DriverCommandExecutor.execute(DriverCommandExecutor.java:158)\n\tat org.openqa.selenium.remote.RemoteWebDriver.execute(RemoteWebDriver.java:543)\n\tat org.openqa.selenium.remote.RemoteWebDriver.perform(RemoteWebDriver.java:611)\n\tat org.openqa.selenium.interactions.Actions$BuiltAction.perform(Actions.java:567)\n\tat org.openqa.selenium.interactions.Actions.perform(Actions.java:536)\n\tat utilities.ElementsUtil.enterCode(ElementsUtil.java:42)\n\tat pageObjects.LinkedList.enterPythonCode(LinkedList.java:122)\n\tat stepDefinitions.LinkedList_SD.user_enters_a_valid_python_code_from_sheet_and(LinkedList_SD.java:62)\n\tat java.base/jdk.internal.reflect.DirectMethodHandleAccessor.invoke(DirectMethodHandleAccessor.java:104)\n\tat java.base/java.lang.reflect.Method.invoke(Method.java:578)\n\tat io.cucumber.java.Invoker.doInvoke(Invoker.java:66)\n\tat io.cucumber.java.Invoker.invoke(Invoker.java:24)\n\tat io.cucumber.java.AbstractGlueDefinition.invokeMethod(AbstractGlueDefinition.java:47)\n\tat io.cucumber.java.JavaStepDefinition.execute(JavaStepDefinition.java:29)\n\tat io.cucumber.core.runner.CoreStepDefinition.execute(CoreStepDefinition.java:66)\n\tat io.cucumber.core.runner.PickleStepDefinitionMatch.runStep(PickleStepDefinitionMatch.java:63)\n\tat io.cucumber.core.runner.ExecutionMode$1.execute(ExecutionMode.java:10)\n\tat io.cucumber.core.runner.TestStep.executeStep(TestStep.java:86)\n\tat io.cucumber.core.runner.TestStep.run(TestStep.java:57)\n\tat io.cucumber.core.runner.PickleStepTestStep.run(PickleStepTestStep.java:51)\n\tat io.cucumber.core.runner.TestCase.run(TestCase.java:95)\n\tat io.cucumber.core.runner.Runner.runPickle(Runner.java:75)\n\tat io.cucumber.testng.TestNGCucumberRunner.lambda$runScenario$1(TestNGCucumberRunner.java:132)\n\tat io.cucumber.core.runtime.CucumberExecutionContext.lambda$runTestCase$3(CucumberExecutionContext.java:151)\n\tat io.cucumber.core.runtime.RethrowingThrowableCollector.executeAndThrow(RethrowingThrowableCollector.java:23)\n\tat io.cucumber.core.runtime.CucumberExecutionContext.runTestCase(CucumberExecutionContext.java:151)\n\tat io.cucumber.testng.TestNGCucumberRunner.runScenario(TestNGCucumberRunner.java:129)\n\tat io.cucumber.testng.AbstractTestNGCucumberTests.runScenario(AbstractTestNGCucumberTests.java:35)\n\tat java.base/jdk.internal.reflect.DirectMethodHandleAccessor.invoke(DirectMethodHandleAccessor.java:104)\n\tat java.base/java.lang.reflect.Method.invoke(Method.java:578)\n\tat org.testng.internal.invokers.MethodInvocationHelper.invokeMethod(MethodInvocationHelper.java:139)\n\tat org.testng.internal.invokers.TestInvoker.invokeMethod(TestInvoker.java:677)\n\tat org.testng.internal.invokers.TestInvoker.invokeTestMethod(TestInvoker.java:221)\n\tat org.testng.internal.invokers.MethodRunner.runInSequence(MethodRunner.java:50)\n\tat org.testng.internal.invokers.TestInvoker$MethodInvocationAgent.invoke(TestInvoker.java:969)\n\tat org.testng.internal.invokers.TestInvoker.invokeTestMethods(TestInvoker.java:194)\n\tat org.testng.internal.invokers.TestMethodWorker.invokeTestMethods(TestMethodWorker.java:148)\n\tat org.testng.internal.invokers.TestMethodWorker.run(TestMethodWorker.java:128)\n\tat java.base/java.util.ArrayList.forEach(ArrayList.java:1511)\n\tat org.testng.TestRunner.privateRun(TestRunner.java:829)\n\tat org.testng.TestRunner.run(TestRunner.java:602)\n\tat org.testng.SuiteRunner.runTest(SuiteRunner.java:437)\n\tat org.testng.SuiteRunner.runSequentially(SuiteRunner.java:431)\n\tat org.testng.SuiteRunner.privateRun(SuiteRunner.java:391)\n\tat org.testng.SuiteRunner.run(SuiteRunner.java:330)\n\tat org.testng.SuiteRunnerWorker.runSuite(SuiteRunnerWorker.java:52)\n\tat org.testng.SuiteRunnerWorker.run(SuiteRunnerWorker.java:95)\n\tat org.testng.TestNG.runSuitesSequentially(TestNG.java:1256)\n\tat org.testng.TestNG.runSuitesLocally(TestNG.java:1176)\n\tat org.testng.TestNG.runSuites(TestNG.java:1099)\n\tat org.testng.TestNG.run(TestNG.java:1067)\n\tat org.testng.remote.AbstractRemoteTestNG.run(AbstractRemoteTestNG.java:115)\n\tat org.testng.remote.RemoteTestNG.initAndRun(RemoteTestNG.java:251)\n\tat org.testng.remote.RemoteTestNG.main(RemoteTestNG.java:77)\nCaused by: org.openqa.selenium.WebDriverException: disconnected: not connected to DevTools\n  (failed to check if window was closed: disconnected: not connected to DevTools)\n  (Session info: chrome=112.0.5615.137)\nBuild info: version: '4.8.3', revision: 'e5e76298c3'\nSystem info: os.name: 'Mac OS X', os.arch: 'aarch64', os.version: '12.0.1', java.version: '19.0.1'\nDriver info: org.openqa.selenium.chrome.ChromeDriver\nCommand: [911218ea93f2f5ac20f3e20435132848, findElement {using=xpath, value=//form[@id='answer_form']/div/div/div/textarea}]\nCapabilities {acceptInsecureCerts: false, browserName: chrome, browserVersion: 112.0.5615.137, chrome: {chromedriverVersion: 112.0.5615.49 (bd2a7bcb881c..., userDataDir: /var/folders/62/whf64_mn0hn...}, goog:chromeOptions: {debuggerAddress: localhost:53603}, networkConnectionEnabled: false, pageLoadStrategy: normal, platformName: MAC, proxy: Proxy(), se:cdp: ws://localhost:53603/devtoo..., se:cdpVersion: 112.0.5615.137, setWindowRect: true, strictFileInteractability: false, timeouts: {implicit: 0, pageLoad: 300000, script: 30000}, unhandledPromptBehavior: dismiss and notify, webauthn:extension:credBlob: true, webauthn:extension:largeBlob: true, webauthn:extension:minPinLength: true, webauthn:extension:prf: true, webauthn:virtualAuthenticators: true}\nSession ID: 911218ea93f2f5ac20f3e20435132848\n\tat java.base/jdk.internal.reflect.DirectConstructorHandleAccessor.newInstance(DirectConstructorHandleAccessor.java:67)\n\tat java.base/java.lang.reflect.Constructor.newInstanceWithCaller(Constructor.java:500)\n\tat java.base/java.lang.reflect.Constructor.newInstance(Constructor.java:484)\n\tat org.openqa.selenium.remote.codec.w3c.W3CHttpResponseCodec.createException(W3CHttpResponseCodec.java:200)\n\tat org.openqa.selenium.remote.codec.w3c.W3CHttpResponseCodec.decode(W3CHttpResponseCodec.java:133)\n\tat org.openqa.selenium.remote.codec.w3c.W3CHttpResponseCodec.decode(W3CHttpResponseCodec.java:53)\n\tat org.openqa.selenium.remote.HttpCommandExecutor.execute(HttpCommandExecutor.java:193)\n\tat org.openqa.selenium.remote.service.DriverCommandExecutor.invokeExecute(DriverCommandExecutor.java:183)\n\tat org.openqa.selenium.remote.service.DriverCommandExecutor.execute(DriverCommandExecutor.java:158)\n\tat org.openqa.selenium.remote.RemoteWebDriver.execute(RemoteWebDriver.java:543)\n\tat org.openqa.selenium.remote.ElementLocation$ElementFinder$2.findElement(ElementLocation.java:162)\n\tat org.openqa.selenium.remote.ElementLocation.findElement(ElementLocation.java:60)\n\tat org.openqa.selenium.remote.RemoteWebDriver.findElement(RemoteWebDriver.java:352)\n\tat org.openqa.selenium.remote.RemoteWebDriver.findElement(RemoteWebDriver.java:344)\n\tat org.openqa.selenium.support.pagefactory.DefaultElementLocator.findElement(DefaultElementLocator.java:70)\n\tat org.openqa.selenium.support.pagefactory.internal.LocatingElementHandler.invoke(LocatingElementHandler.java:39)\n\tat jdk.proxy2/jdk.proxy2.$Proxy44.getWrappedElement(Unknown Source)\n\tat org.openqa.selenium.interactions.PointerInput$Origin.asArg(PointerInput.java:269)\n\tat org.openqa.selenium.interactions.PointerInput$Move.encode(PointerInput.java:218)\n\tat org.openqa.selenium.interactions.Sequence.encode(Sequence.java:73)\n\tat org.openqa.selenium.interactions.Sequence.toJson(Sequence.java:82)\n\tat java.base/jdk.internal.reflect.DirectMethodHandleAccessor.invoke(DirectMethodHandleAccessor.java:104)\n\t... 81 more\n"},"stage":"finished","steps":[],"attachments":[],"parameters":[],"start":1683502653907,"stop":1683502653917},{"name":"Then  User should get an valid output","status":"skipped","statusDetails":{"known":false,"muted":false,"flaky":false},"stage":"finished","steps":[],"attachments":[],"parameters":[],"start":1683502653919,"stop":1683502653919}],"attachments":[],"parameters":[{"name":"Sheetname","value":"PythonCode"},{"name":"RowNumber","value":"20"}],"start":1683502653906,"stop":1683502653919}