<?xml version="1.0" encoding="UTF-8"?>
<!-- Generated by org.testng.reporters.JUnitReportReporter -->
<testsuite hostname="Vineeths-Air.home" failures="1" tests="143" name="testRunner.Runner" time="210.702" errors="0" timestamp="2023-05-08T00:16:24 EDT" skipped="0">
  <testcase classname="testRunner.Runner" name="runScenario" time="2.026"/>
  <system-out/>
  <testcase classname="testRunner.Runner" name="runScenario" time="0.415"/>
  <system-out/>
  <testcase classname="testRunner.Runner" name="runScenario" time="1.262"/>
  <system-out/>
  <testcase classname="testRunner.Runner" name="runScenario" time="0.376"/>
  <system-out/>
  <testcase classname="testRunner.Runner" name="runScenario" time="1.512"/>
  <system-out/>
  <testcase classname="testRunner.Runner" name="runScenario" time="1.238"/>
  <system-out/>
  <testcase classname="testRunner.Runner" name="runScenario" time="0.683"/>
  <system-out/>
  <testcase classname="testRunner.Runner" name="runScenario" time="1.924"/>
  <system-out/>
  <testcase classname="testRunner.Runner" name="runScenario" time="2.269"/>
  <system-out/>
  <testcase classname="testRunner.Runner" name="runScenario" time="1.504"/>
  <system-out/>
  <testcase classname="testRunner.Runner" name="runScenario" time="1.251"/>
  <system-out/>
  <testcase classname="testRunner.Runner" name="runScenario" time="0.246"/>
  <system-out/>
  <testcase classname="testRunner.Runner" name="runScenario" time="1.189"/>
  <system-out/>
  <testcase classname="testRunner.Runner" name="runScenario" time="2.006"/>
  <system-out/>
  <testcase classname="testRunner.Runner" name="runScenario" time="0.919"/>
  <system-out/>
  <testcase classname="testRunner.Runner" name="runScenario" time="1.771"/>
  <system-out/>
  <testcase classname="testRunner.Runner" name="runScenario" time="2.429"/>
  <system-out/>
  <testcase classname="testRunner.Runner" name="runScenario" time="0.306"/>
  <system-out/>
  <testcase classname="testRunner.Runner" name="runScenario" time="1.892"/>
  <system-out/>
  <testcase classname="testRunner.Runner" name="runScenario" time="2.426"/>
  <system-out/>
  <testcase classname="testRunner.Runner" name="runScenario" time="1.522"/>
  <system-out/>
  <testcase classname="testRunner.Runner" name="runScenario" time="0.266"/>
  <system-out/>
  <testcase classname="testRunner.Runner" name="runScenario" time="1.253"/>
  <system-out/>
  <testcase classname="testRunner.Runner" name="runScenario" time="1.465"/>
  <system-out/>
  <testcase classname="testRunner.Runner" name="runScenario" time="1.268"/>
  <system-out/>
  <testcase classname="testRunner.Runner" name="runScenario" time="2.420"/>
  <system-out/>
  <testcase classname="testRunner.Runner" name="runScenario" time="0.184"/>
  <system-out/>
  <testcase classname="testRunner.Runner" name="runScenario" time="2.696"/>
  <system-out/>
  <testcase classname="testRunner.Runner" name="runScenario" time="1.243"/>
  <system-out/>
  <testcase classname="testRunner.Runner" name="runScenario" time="0.391"/>
  <system-out/>
  <testcase classname="testRunner.Runner" name="runScenario" time="2.394"/>
  <system-out/>
  <testcase classname="testRunner.Runner" name="runScenario" time="0.778"/>
  <system-out/>
  <testcase classname="testRunner.Runner" name="runScenario" time="2.610"/>
  <system-out/>
  <testcase classname="testRunner.Runner" name="runScenario" time="1.236"/>
  <system-out/>
  <testcase classname="testRunner.Runner" name="runScenario" time="0.279"/>
  <system-out/>
  <testcase classname="testRunner.Runner" name="runScenario" time="2.472"/>
  <system-out/>
  <testcase classname="testRunner.Runner" name="runScenario" time="1.237"/>
  <system-out/>
  <testcase classname="testRunner.Runner" name="runScenario" time="1.261"/>
  <system-out/>
  <testcase classname="testRunner.Runner" name="runScenario" time="2.459"/>
  <system-out/>
  <testcase classname="testRunner.Runner" name="runScenario" time="0.372"/>
  <system-out/>
  <testcase classname="testRunner.Runner" name="runScenario" time="2.587"/>
  <system-out/>
  <testcase classname="testRunner.Runner" name="runScenario" time="1.243"/>
  <system-out/>
  <testcase classname="testRunner.Runner" name="runScenario" time="1.237"/>
  <system-out/>
  <testcase classname="testRunner.Runner" name="runScenario" time="1.234"/>
  <system-out/>
  <testcase classname="testRunner.Runner" name="runScenario" time="1.611"/>
  <system-out/>
  <testcase classname="testRunner.Runner" name="runScenario" time="0.390"/>
  <system-out/>
  <testcase classname="testRunner.Runner" name="runScenario" time="0.694"/>
  <system-out/>
  <testcase classname="testRunner.Runner" name="runScenario" time="1.242"/>
  <system-out/>
  <testcase classname="testRunner.Runner" name="runScenario" time="2.400"/>
  <system-out/>
  <testcase classname="testRunner.Runner" name="runScenario" time="2.423"/>
  <system-out/>
  <testcase classname="testRunner.Runner" name="runScenario" time="1.375"/>
  <system-out/>
  <testcase classname="testRunner.Runner" name="runScenario" time="0.573"/>
  <system-out/>
  <testcase classname="testRunner.Runner" name="runScenario" time="6.392"/>
  <system-out/>
  <testcase classname="testRunner.Runner" name="runScenario" time="1.249"/>
  <system-out/>
  <testcase classname="testRunner.Runner" name="runScenario" time="1.932"/>
  <system-out/>
  <testcase classname="testRunner.Runner" name="runScenario" time="0.339"/>
  <system-out/>
  <testcase classname="testRunner.Runner" name="runScenario" time="1.003"/>
  <system-out/>
  <testcase classname="testRunner.Runner" name="runScenario" time="6.934">
    <failure message="expected [true] but found [false]" type="java.lang.AssertionError">
      <![CDATA[java.lang.AssertionError: expected [true] but found [false]
at org.testng.Assert.fail(Assert.java:110)
at org.testng.Assert.failNotEquals(Assert.java:1577)
at org.testng.Assert.assertEqualsImpl(Assert.java:149)
at org.testng.Assert.assertEquals(Assert.java:131)
at org.testng.Assert.assertEquals(Assert.java:1066)
at org.testng.Assert.assertEquals(Assert.java:1030)
at org.testng.Assert.assertEquals(Assert.java:1076)
at stepDefinitions.Register_SD.user_should_be_able_to_successfully_register_and_see_the_success_message(Register_SD.java:66)
at ✽.User should be  able to  successfully register and see the success message "New Account Created."(file:///Users/Dee/eclipse-workspace/ds_algo/src/test/resources/Features/02_Register.feature:25)
]]>
    </failure>
  </testcase> <!-- runScenario -->
  <system-out/>
  <testcase classname="testRunner.Runner" name="runScenario" time="2.431"/>
  <system-out/>
  <testcase classname="testRunner.Runner" name="runScenario" time="0.273"/>
  <system-out/>
  <testcase classname="testRunner.Runner" name="runScenario" time="1.234"/>
  <system-out/>
  <testcase classname="testRunner.Runner" name="runScenario" time="0.417"/>
  <system-out/>
  <testcase classname="testRunner.Runner" name="runScenario" time="0.720"/>
  <system-out/>
  <testcase classname="testRunner.Runner" name="runScenario" time="0.186"/>
  <system-out/>
  <testcase classname="testRunner.Runner" name="runScenario" time="1.246"/>
  <system-out/>
  <testcase classname="testRunner.Runner" name="runScenario" time="1.284"/>
  <system-out/>
  <testcase classname="testRunner.Runner" name="runScenario" time="2.448"/>
  <system-out/>
  <testcase classname="testRunner.Runner" name="runScenario" time="1.367"/>
  <system-out/>
  <testcase classname="testRunner.Runner" name="runScenario" time="1.831"/>
  <system-out/>
  <testcase classname="testRunner.Runner" name="runScenario" time="1.966"/>
  <system-out/>
  <testcase classname="testRunner.Runner" name="runScenario" time="0.439"/>
  <system-out/>
  <testcase classname="testRunner.Runner" name="runScenario" time="0.469"/>
  <system-out/>
  <testcase classname="testRunner.Runner" name="runScenario" time="0.296"/>
  <system-out/>
  <testcase classname="testRunner.Runner" name="runScenario" time="1.235"/>
  <system-out/>
  <testcase classname="testRunner.Runner" name="runScenario" time="2.229"/>
  <system-out/>
  <testcase classname="testRunner.Runner" name="runScenario" time="1.279"/>
  <system-out/>
  <testcase classname="testRunner.Runner" name="runScenario" time="2.441"/>
  <system-out/>
  <testcase classname="testRunner.Runner" name="runScenario" time="1.246"/>
  <system-out/>
  <testcase classname="testRunner.Runner" name="runScenario" time="1.905"/>
  <system-out/>
  <testcase classname="testRunner.Runner" name="runScenario" time="1.491"/>
  <system-out/>
  <testcase classname="testRunner.Runner" name="runScenario" time="0.745"/>
  <system-out/>
  <testcase classname="testRunner.Runner" name="runScenario" time="0.939"/>
  <system-out/>
  <testcase classname="testRunner.Runner" name="runScenario" time="0.319"/>
  <system-out/>
  <testcase classname="testRunner.Runner" name="runScenario" time="1.228"/>
  <system-out/>
  <testcase classname="testRunner.Runner" name="runScenario" time="1.180"/>
  <system-out/>
  <testcase classname="testRunner.Runner" name="runScenario" time="0.394"/>
  <system-out/>
  <testcase classname="testRunner.Runner" name="runScenario" time="1.274"/>
  <system-out/>
  <testcase classname="testRunner.Runner" name="runScenario" time="2.310"/>
  <system-out/>
  <testcase classname="testRunner.Runner" name="runScenario" time="1.492"/>
  <system-out/>
  <testcase classname="testRunner.Runner" name="runScenario" time="2.453"/>
  <system-out/>
  <testcase classname="testRunner.Runner" name="runScenario" time="2.424"/>
  <system-out/>
  <testcase classname="testRunner.Runner" name="runScenario" time="2.442"/>
  <system-out/>
  <testcase classname="testRunner.Runner" name="runScenario" time="1.248"/>
  <system-out/>
  <testcase classname="testRunner.Runner" name="runScenario" time="1.260"/>
  <system-out/>
  <testcase classname="testRunner.Runner" name="runScenario" time="0.968"/>
  <system-out/>
  <testcase classname="testRunner.Runner" name="runScenario" time="1.637"/>
  <system-out/>
  <testcase classname="testRunner.Runner" name="runScenario" time="2.399"/>
  <system-out/>
  <testcase classname="testRunner.Runner" name="runScenario" time="2.208"/>
  <system-out/>
  <testcase classname="testRunner.Runner" name="runScenario" time="1.244"/>
  <system-out/>
  <testcase classname="testRunner.Runner" name="runScenario" time="1.268"/>
  <system-out/>
  <testcase classname="testRunner.Runner" name="runScenario" time="1.795"/>
  <system-out/>
  <testcase classname="testRunner.Runner" name="runScenario" time="1.892"/>
  <system-out/>
  <testcase classname="testRunner.Runner" name="runScenario" time="0.723"/>
  <system-out/>
  <testcase classname="testRunner.Runner" name="runScenario" time="1.202"/>
  <system-out/>
  <testcase classname="testRunner.Runner" name="runScenario" time="0.728"/>
  <system-out/>
  <testcase classname="testRunner.Runner" name="runScenario" time="2.540"/>
  <system-out/>
  <testcase classname="testRunner.Runner" name="runScenario" time="1.744"/>
  <system-out/>
  <testcase classname="testRunner.Runner" name="runScenario" time="2.415"/>
  <system-out/>
  <testcase classname="testRunner.Runner" name="runScenario" time="1.882"/>
  <system-out/>
  <testcase classname="testRunner.Runner" name="runScenario" time="2.176"/>
  <system-out/>
  <testcase classname="testRunner.Runner" name="runScenario" time="0.693"/>
  <system-out/>
  <testcase classname="testRunner.Runner" name="runScenario" time="2.458"/>
  <system-out/>
  <testcase classname="testRunner.Runner" name="runScenario" time="1.503"/>
  <system-out/>
  <testcase classname="testRunner.Runner" name="runScenario" time="1.492"/>
  <system-out/>
  <testcase classname="testRunner.Runner" name="runScenario" time="2.277"/>
  <system-out/>
  <testcase classname="testRunner.Runner" name="runScenario" time="1.809"/>
  <system-out/>
  <testcase classname="testRunner.Runner" name="runScenario" time="0.361"/>
  <system-out/>
  <testcase classname="testRunner.Runner" name="runScenario" time="0.704"/>
  <system-out/>
  <testcase classname="testRunner.Runner" name="runScenario" time="1.573"/>
  <system-out/>
  <testcase classname="testRunner.Runner" name="runScenario" time="0.710"/>
  <system-out/>
  <testcase classname="testRunner.Runner" name="runScenario" time="0.110"/>
  <system-out/>
  <testcase classname="testRunner.Runner" name="runScenario" time="1.795"/>
  <system-out/>
  <testcase classname="testRunner.Runner" name="runScenario" time="1.228"/>
  <system-out/>
  <testcase classname="testRunner.Runner" name="runScenario" time="0.155"/>
  <system-out/>
  <testcase classname="testRunner.Runner" name="runScenario" time="1.251"/>
  <system-out/>
  <testcase classname="testRunner.Runner" name="runScenario" time="2.427"/>
  <system-out/>
  <testcase classname="testRunner.Runner" name="runScenario" time="0.701"/>
  <system-out/>
  <testcase classname="testRunner.Runner" name="runScenario" time="2.417"/>
  <system-out/>
  <testcase classname="testRunner.Runner" name="runScenario" time="2.464"/>
  <system-out/>
  <testcase classname="testRunner.Runner" name="runScenario" time="2.458"/>
  <system-out/>
  <testcase classname="testRunner.Runner" name="runScenario" time="1.842"/>
  <system-out/>
  <testcase classname="testRunner.Runner" name="runScenario" time="1.506"/>
  <system-out/>
  <testcase classname="testRunner.Runner" name="runScenario" time="0.339"/>
  <system-out/>
  <testcase classname="testRunner.Runner" name="runScenario" time="1.239"/>
  <system-out/>
  <testcase classname="testRunner.Runner" name="runScenario" time="0.311"/>
  <system-out/>
  <testcase classname="testRunner.Runner" name="runScenario" time="1.209"/>
  <system-out/>
  <testcase classname="testRunner.Runner" name="runScenario" time="1.541"/>
  <system-out/>
  <testcase classname="testRunner.Runner" name="runScenario" time="2.578"/>
  <system-out/>
  <testcase classname="testRunner.Runner" name="runScenario" time="1.540"/>
  <system-out/>
  <testcase classname="testRunner.Runner" name="runScenario" time="1.282"/>
  <system-out/>
  <testcase classname="testRunner.Runner" name="runScenario" time="1.820"/>
  <system-out/>
  <testcase classname="testRunner.Runner" name="runScenario" time="0.358"/>
  <system-out/>
  <testcase classname="testRunner.Runner" name="runScenario" time="1.281"/>
  <system-out/>
</testsuite> <!-- testRunner.Runner -->
