<?xml version="1.0" encoding="UTF-8"?>
<!-- Generated by org.testng.reporters.JUnitReportReporter -->
<testsuite hostname="Vineeths-Air.home" failures="1" tests="142" name="testRunner.RunTest" time="211.147" errors="0" timestamp="2023-05-09T16:32:01 EDT" skipped="0">
  <testcase classname="testRunner.RunTest" name="runScenario" time="2.802"/>
  <system-out/>
  <testcase classname="testRunner.RunTest" name="runScenario" time="1.253"/>
  <system-out/>
  <testcase classname="testRunner.RunTest" name="runScenario" time="0.696"/>
  <system-out/>
  <testcase classname="testRunner.RunTest" name="runScenario" time="1.904"/>
  <system-out/>
  <testcase classname="testRunner.RunTest" name="runScenario" time="2.387"/>
  <system-out/>
  <testcase classname="testRunner.RunTest" name="runScenario" time="2.471"/>
  <system-out/>
  <testcase classname="testRunner.RunTest" name="runScenario" time="0.843"/>
  <system-out/>
  <testcase classname="testRunner.RunTest" name="runScenario" time="1.921"/>
  <system-out/>
  <testcase classname="testRunner.RunTest" name="runScenario" time="1.206"/>
  <system-out/>
  <testcase classname="testRunner.RunTest" name="runScenario" time="1.238"/>
  <system-out/>
  <testcase classname="testRunner.RunTest" name="runScenario" time="1.791"/>
  <system-out/>
  <testcase classname="testRunner.RunTest" name="runScenario" time="1.244"/>
  <system-out/>
  <testcase classname="testRunner.RunTest" name="runScenario" time="2.458"/>
  <system-out/>
  <testcase classname="testRunner.RunTest" name="runScenario" time="0.680"/>
  <system-out/>
  <testcase classname="testRunner.RunTest" name="runScenario" time="1.503"/>
  <system-out/>
  <testcase classname="testRunner.RunTest" name="runScenario" time="2.471"/>
  <system-out/>
  <testcase classname="testRunner.RunTest" name="runScenario" time="1.001"/>
  <system-out/>
  <testcase classname="testRunner.RunTest" name="runScenario" time="0.177"/>
  <system-out/>
  <testcase classname="testRunner.RunTest" name="runScenario" time="0.385"/>
  <system-out/>
  <testcase classname="testRunner.RunTest" name="runScenario" time="1.832"/>
  <system-out/>
  <testcase classname="testRunner.RunTest" name="runScenario" time="0.287"/>
  <system-out/>
  <testcase classname="testRunner.RunTest" name="runScenario" time="0.694"/>
  <system-out/>
  <testcase classname="testRunner.RunTest" name="runScenario" time="2.413"/>
  <system-out/>
  <testcase classname="testRunner.RunTest" name="runScenario" time="2.589"/>
  <system-out/>
  <testcase classname="testRunner.RunTest" name="runScenario" time="0.336"/>
  <system-out/>
  <testcase classname="testRunner.RunTest" name="runScenario" time="1.767"/>
  <system-out/>
  <testcase classname="testRunner.RunTest" name="runScenario" time="1.288"/>
  <system-out/>
  <testcase classname="testRunner.RunTest" name="runScenario" time="1.274"/>
  <system-out/>
  <testcase classname="testRunner.RunTest" name="runScenario" time="0.277"/>
  <system-out/>
  <testcase classname="testRunner.RunTest" name="runScenario" time="1.919"/>
  <system-out/>
  <testcase classname="testRunner.RunTest" name="runScenario" time="1.799"/>
  <system-out/>
  <testcase classname="testRunner.RunTest" name="runScenario" time="1.258"/>
  <system-out/>
  <testcase classname="testRunner.RunTest" name="runScenario" time="0.544"/>
  <system-out/>
  <testcase classname="testRunner.RunTest" name="runScenario" time="2.410"/>
  <system-out/>
  <testcase classname="testRunner.RunTest" name="runScenario" time="2.213"/>
  <system-out/>
  <testcase classname="testRunner.RunTest" name="runScenario" time="1.667"/>
  <system-out/>
  <testcase classname="testRunner.RunTest" name="runScenario" time="1.999"/>
  <system-out/>
  <testcase classname="testRunner.RunTest" name="runScenario" time="1.509"/>
  <system-out/>
  <testcase classname="testRunner.RunTest" name="runScenario" time="2.438"/>
  <system-out/>
  <testcase classname="testRunner.RunTest" name="runScenario" time="1.283"/>
  <system-out/>
  <testcase classname="testRunner.RunTest" name="runScenario" time="2.392"/>
  <system-out/>
  <testcase classname="testRunner.RunTest" name="runScenario" time="2.013"/>
  <system-out/>
  <testcase classname="testRunner.RunTest" name="runScenario" time="2.447"/>
  <system-out/>
  <testcase classname="testRunner.RunTest" name="runScenario" time="2.453"/>
  <system-out/>
  <testcase classname="testRunner.RunTest" name="runScenario" time="0.716"/>
  <system-out/>
  <testcase classname="testRunner.RunTest" name="runScenario" time="1.202"/>
  <system-out/>
  <testcase classname="testRunner.RunTest" name="runScenario" time="2.426"/>
  <system-out/>
  <testcase classname="testRunner.RunTest" name="runScenario" time="0.278"/>
  <system-out/>
  <testcase classname="testRunner.RunTest" name="runScenario" time="0.758"/>
  <system-out/>
  <testcase classname="testRunner.RunTest" name="runScenario" time="0.686"/>
  <system-out/>
  <testcase classname="testRunner.RunTest" name="runScenario" time="1.259"/>
  <system-out/>
  <testcase classname="testRunner.RunTest" name="runScenario" time="0.192"/>
  <system-out/>
  <testcase classname="testRunner.RunTest" name="runScenario" time="1.383"/>
  <system-out/>
  <testcase classname="testRunner.RunTest" name="runScenario" time="2.340"/>
  <system-out/>
  <testcase classname="testRunner.RunTest" name="runScenario" time="0.387"/>
  <system-out/>
  <testcase classname="testRunner.RunTest" name="runScenario" time="2.166"/>
  <system-out/>
  <testcase classname="testRunner.RunTest" name="runScenario" time="0.352"/>
  <system-out/>
  <testcase classname="testRunner.RunTest" name="runScenario" time="0.383"/>
  <system-out/>
  <testcase classname="testRunner.RunTest" name="runScenario" time="2.441"/>
  <system-out/>
  <testcase classname="testRunner.RunTest" name="runScenario" time="0.391"/>
  <system-out/>
  <testcase classname="testRunner.RunTest" name="runScenario" time="0.279"/>
  <system-out/>
  <testcase classname="testRunner.RunTest" name="runScenario" time="2.558"/>
  <system-out/>
  <testcase classname="testRunner.RunTest" name="runScenario" time="2.453"/>
  <system-out/>
  <testcase classname="testRunner.RunTest" name="runScenario" time="1.987"/>
  <system-out/>
  <testcase classname="testRunner.RunTest" name="runScenario" time="6.415"/>
  <system-out/>
  <testcase classname="testRunner.RunTest" name="runScenario" time="1.292"/>
  <system-out/>
  <testcase classname="testRunner.RunTest" name="runScenario" time="1.650"/>
  <system-out/>
  <testcase classname="testRunner.RunTest" name="runScenario" time="1.249"/>
  <system-out/>
  <testcase classname="testRunner.RunTest" name="runScenario" time="0.490"/>
  <system-out/>
  <testcase classname="testRunner.RunTest" name="runScenario" time="1.266"/>
  <system-out/>
  <testcase classname="testRunner.RunTest" name="runScenario" time="1.541"/>
  <system-out/>
  <testcase classname="testRunner.RunTest" name="runScenario" time="2.276"/>
  <system-out/>
  <testcase classname="testRunner.RunTest" name="runScenario" time="0.364"/>
  <system-out/>
  <testcase classname="testRunner.RunTest" name="runScenario" time="1.480"/>
  <system-out/>
  <testcase classname="testRunner.RunTest" name="runScenario" time="0.745"/>
  <system-out/>
  <testcase classname="testRunner.RunTest" name="runScenario" time="2.467"/>
  <system-out/>
  <testcase classname="testRunner.RunTest" name="runScenario" time="1.880"/>
  <system-out/>
  <testcase classname="testRunner.RunTest" name="runScenario" time="1.221"/>
  <system-out/>
  <testcase classname="testRunner.RunTest" name="runScenario" time="0.363"/>
  <system-out/>
  <testcase classname="testRunner.RunTest" name="runScenario" time="1.898"/>
  <system-out/>
  <testcase classname="testRunner.RunTest" name="runScenario" time="0.374"/>
  <system-out/>
  <testcase classname="testRunner.RunTest" name="runScenario" time="1.162"/>
  <system-out/>
  <testcase classname="testRunner.RunTest" name="runScenario" time="1.256"/>
  <system-out/>
  <testcase classname="testRunner.RunTest" name="runScenario" time="0.988"/>
  <system-out/>
  <testcase classname="testRunner.RunTest" name="runScenario" time="1.220"/>
  <system-out/>
  <testcase classname="testRunner.RunTest" name="runScenario" time="1.260"/>
  <system-out/>
  <testcase classname="testRunner.RunTest" name="runScenario" time="1.232"/>
  <system-out/>
  <testcase classname="testRunner.RunTest" name="runScenario" time="0.205"/>
  <system-out/>
  <testcase classname="testRunner.RunTest" name="runScenario" time="2.440"/>
  <system-out/>
  <testcase classname="testRunner.RunTest" name="runScenario" time="2.628"/>
  <system-out/>
  <testcase classname="testRunner.RunTest" name="runScenario" time="2.430"/>
  <system-out/>
  <testcase classname="testRunner.RunTest" name="runScenario" time="6.936">
    <failure message="expected [true] but found [false]" type="java.lang.AssertionError">
      <![CDATA[java.lang.AssertionError: expected [true] but found [false]
at org.testng.Assert.fail(Assert.java:110)
at org.testng.Assert.failNotEquals(Assert.java:1577)
at org.testng.Assert.assertEqualsImpl(Assert.java:149)
at org.testng.Assert.assertEquals(Assert.java:131)
at org.testng.Assert.assertEquals(Assert.java:1066)
at org.testng.Assert.assertEquals(Assert.java:1030)
at org.testng.Assert.assertEquals(Assert.java:1076)
at stepDefinitions.Register_SD.user_should_be_able_to_successfully_register_and_see_the_success_message(Register_SD.java:66)
at ✽.User should be  able to  successfully register and see the success message "New Account Created."(file:///Users/Dee/eclipse-workspace/ds_algo/src/test/resources/Features/02_Register.feature:25)
]]>
    </failure>
  </testcase> <!-- runScenario -->
  <system-out/>
  <testcase classname="testRunner.RunTest" name="runScenario" time="1.910"/>
  <system-out/>
  <testcase classname="testRunner.RunTest" name="runScenario" time="0.705"/>
  <system-out/>
  <testcase classname="testRunner.RunTest" name="runScenario" time="2.433"/>
  <system-out/>
  <testcase classname="testRunner.RunTest" name="runScenario" time="2.419"/>
  <system-out/>
  <testcase classname="testRunner.RunTest" name="runScenario" time="1.285"/>
  <system-out/>
  <testcase classname="testRunner.RunTest" name="runScenario" time="1.530"/>
  <system-out/>
  <testcase classname="testRunner.RunTest" name="runScenario" time="0.727"/>
  <system-out/>
  <testcase classname="testRunner.RunTest" name="runScenario" time="2.453"/>
  <system-out/>
  <testcase classname="testRunner.RunTest" name="runScenario" time="0.353"/>
  <system-out/>
  <testcase classname="testRunner.RunTest" name="runScenario" time="1.902"/>
  <system-out/>
  <testcase classname="testRunner.RunTest" name="runScenario" time="1.575"/>
  <system-out/>
  <testcase classname="testRunner.RunTest" name="runScenario" time="1.280"/>
  <system-out/>
  <testcase classname="testRunner.RunTest" name="runScenario" time="1.816"/>
  <system-out/>
  <testcase classname="testRunner.RunTest" name="runScenario" time="1.278"/>
  <system-out/>
  <testcase classname="testRunner.RunTest" name="runScenario" time="1.534"/>
  <system-out/>
  <testcase classname="testRunner.RunTest" name="runScenario" time="1.275"/>
  <system-out/>
  <testcase classname="testRunner.RunTest" name="runScenario" time="1.263"/>
  <system-out/>
  <testcase classname="testRunner.RunTest" name="runScenario" time="1.201"/>
  <system-out/>
  <testcase classname="testRunner.RunTest" name="runScenario" time="1.382"/>
  <system-out/>
  <testcase classname="testRunner.RunTest" name="runScenario" time="1.530"/>
  <system-out/>
  <testcase classname="testRunner.RunTest" name="runScenario" time="1.240"/>
  <system-out/>
  <testcase classname="testRunner.RunTest" name="runScenario" time="1.545"/>
  <system-out/>
  <testcase classname="testRunner.RunTest" name="runScenario" time="1.225"/>
  <system-out/>
  <testcase classname="testRunner.RunTest" name="runScenario" time="0.296"/>
  <system-out/>
  <testcase classname="testRunner.RunTest" name="runScenario" time="0.913"/>
  <system-out/>
  <testcase classname="testRunner.RunTest" name="runScenario" time="1.530"/>
  <system-out/>
  <testcase classname="testRunner.RunTest" name="runScenario" time="1.268"/>
  <system-out/>
  <testcase classname="testRunner.RunTest" name="runScenario" time="0.740"/>
  <system-out/>
  <testcase classname="testRunner.RunTest" name="runScenario" time="1.904"/>
  <system-out/>
  <testcase classname="testRunner.RunTest" name="runScenario" time="0.108"/>
  <system-out/>
  <testcase classname="testRunner.RunTest" name="runScenario" time="1.261"/>
  <system-out/>
  <testcase classname="testRunner.RunTest" name="runScenario" time="0.317"/>
  <system-out/>
  <testcase classname="testRunner.RunTest" name="runScenario" time="1.509"/>
  <system-out/>
  <testcase classname="testRunner.RunTest" name="runScenario" time="2.251"/>
  <system-out/>
  <testcase classname="testRunner.RunTest" name="runScenario" time="0.320"/>
  <system-out/>
  <testcase classname="testRunner.RunTest" name="runScenario" time="2.236"/>
  <system-out/>
  <testcase classname="testRunner.RunTest" name="runScenario" time="2.437"/>
  <system-out/>
  <testcase classname="testRunner.RunTest" name="runScenario" time="0.418"/>
  <system-out/>
  <testcase classname="testRunner.RunTest" name="runScenario" time="1.214"/>
  <system-out/>
  <testcase classname="testRunner.RunTest" name="runScenario" time="0.274"/>
  <system-out/>
  <testcase classname="testRunner.RunTest" name="runScenario" time="1.310"/>
  <system-out/>
  <testcase classname="testRunner.RunTest" name="runScenario" time="2.565"/>
  <system-out/>
  <testcase classname="testRunner.RunTest" name="runScenario" time="2.471"/>
  <system-out/>
  <testcase classname="testRunner.RunTest" name="runScenario" time="1.240"/>
  <system-out/>
  <testcase classname="testRunner.RunTest" name="runScenario" time="1.492"/>
  <system-out/>
  <testcase classname="testRunner.RunTest" name="runScenario" time="1.273"/>
  <system-out/>
  <testcase classname="testRunner.RunTest" name="runScenario" time="1.783"/>
  <system-out/>
  <testcase classname="testRunner.RunTest" name="runScenario" time="0.758"/>
  <system-out/>
  <testcase classname="testRunner.RunTest" name="runScenario" time="1.250"/>
  <system-out/>
  <testcase classname="testRunner.RunTest" name="runScenario" time="1.251"/>
  <system-out/>
</testsuite> <!-- testRunner.RunTest -->
