<?xml version="1.0" encoding="UTF-8"?>
<testng-results ignored="0" total="142" passed="141" failed="1" skipped="0">
  <reporter-output>
  </reporter-output>
  <suite started-at="2023-05-09T16:27:58 EDT" name="Default suite" finished-at="2023-05-09T16:32:01 EDT" duration-ms="242633">
    <groups>
      <group name="cucumber">
        <method signature="AbstractTestNGCucumberTests.runScenario(io.cucumber.testng.PickleWrapper,io.cucumber.testng.FeatureWrapper)[pri:0, instance:testRunner.RunTest@4fb0f2b9]" name="runScenario" class="io.cucumber.testng.AbstractTestNGCucumberTests"/>
      </group> <!-- cucumber -->
    </groups>
    <test started-at="2023-05-09T16:27:58 EDT" name="Default test" finished-at="2023-05-09T16:32:01 EDT" duration-ms="242633">
      <class name="testRunner.RunTest">
        <test-method is-config="true" signature="setUpClass(org.testng.ITestContext)[pri:0, instance:testRunner.RunTest@4fb0f2b9]" started-at="2023-05-09T16:27:58 EDT" name="setUpClass" finished-at="2023-05-09T16:28:27 EDT" duration-ms="28367" status="PASS">
          <params>
            <param index="0">
              <value>
                <![CDATA[org.testng.TestRunner@54372b03]]>
              </value>
            </param>
          </params>
          <reporter-output>
          </reporter-output>
        </test-method> <!-- setUpClass -->
        <test-method signature="runScenario(io.cucumber.testng.PickleWrapper,io.cucumber.testng.FeatureWrapper)[pri:0, instance:testRunner.RunTest@4fb0f2b9]" started-at="2023-05-09T16:28:27 EDT" name="runScenario" description="Runs Cucumber Scenarios" data-provider="scenarios" finished-at="2023-05-09T16:28:29 EDT" duration-ms="2802" status="PASS">
          <params>
            <param index="0">
              <value>
                <![CDATA["User navigates to HomePage of ds-algo application"]]>
              </value>
            </param>
            <param index="1">
              <value>
                <![CDATA["Optional[GetStarted button  and HomePage]"]]>
              </value>
            </param>
          </params>
          <reporter-output>
          </reporter-output>
        </test-method> <!-- runScenario -->
        <test-method signature="runScenario(io.cucumber.testng.PickleWrapper,io.cucumber.testng.FeatureWrapper)[pri:0, instance:testRunner.RunTest@4fb0f2b9]" started-at="2023-05-09T16:28:29 EDT" name="runScenario" description="Runs Cucumber Scenarios" data-provider="scenarios" finished-at="2023-05-09T16:28:31 EDT" duration-ms="1285" status="PASS">
          <params>
            <param index="0">
              <value>
                <![CDATA["User is on Home page and clicks on Get Started button on HomePage without sign in"]]>
              </value>
            </param>
            <param index="1">
              <value>
                <![CDATA["Optional[GetStarted button  and HomePage]"]]>
              </value>
            </param>
          </params>
          <reporter-output>
          </reporter-output>
        </test-method> <!-- runScenario -->
        <test-method signature="runScenario(io.cucumber.testng.PickleWrapper,io.cucumber.testng.FeatureWrapper)[pri:0, instance:testRunner.RunTest@4fb0f2b9]" started-at="2023-05-09T16:28:31 EDT" name="runScenario" description="Runs Cucumber Scenarios" data-provider="scenarios" finished-at="2023-05-09T16:28:32 EDT" duration-ms="1310" status="PASS">
          <params>
            <param index="0">
              <value>
                <![CDATA["User is on Home page and clicks on Get Started button on HomePage without sign in"]]>
              </value>
            </param>
            <param index="1">
              <value>
                <![CDATA["Optional[GetStarted button  and HomePage]"]]>
              </value>
            </param>
          </params>
          <reporter-output>
          </reporter-output>
        </test-method> <!-- runScenario -->
        <test-method signature="runScenario(io.cucumber.testng.PickleWrapper,io.cucumber.testng.FeatureWrapper)[pri:0, instance:testRunner.RunTest@4fb0f2b9]" started-at="2023-05-09T16:28:32 EDT" name="runScenario" description="Runs Cucumber Scenarios" data-provider="scenarios" finished-at="2023-05-09T16:28:33 EDT" duration-ms="1280" status="PASS">
          <params>
            <param index="0">
              <value>
                <![CDATA["User is on Home page and clicks on Get Started button on HomePage without sign in"]]>
              </value>
            </param>
            <param index="1">
              <value>
                <![CDATA["Optional[GetStarted button  and HomePage]"]]>
              </value>
            </param>
          </params>
          <reporter-output>
          </reporter-output>
        </test-method> <!-- runScenario -->
        <test-method signature="runScenario(io.cucumber.testng.PickleWrapper,io.cucumber.testng.FeatureWrapper)[pri:0, instance:testRunner.RunTest@4fb0f2b9]" started-at="2023-05-09T16:28:33 EDT" name="runScenario" description="Runs Cucumber Scenarios" data-provider="scenarios" finished-at="2023-05-09T16:28:35 EDT" duration-ms="1283" status="PASS">
          <params>
            <param index="0">
              <value>
                <![CDATA["User is on Home page and clicks on Get Started button on HomePage without sign in"]]>
              </value>
            </param>
            <param index="1">
              <value>
                <![CDATA["Optional[GetStarted button  and HomePage]"]]>
              </value>
            </param>
          </params>
          <reporter-output>
          </reporter-output>
        </test-method> <!-- runScenario -->
        <test-method signature="runScenario(io.cucumber.testng.PickleWrapper,io.cucumber.testng.FeatureWrapper)[pri:0, instance:testRunner.RunTest@4fb0f2b9]" started-at="2023-05-09T16:28:35 EDT" name="runScenario" description="Runs Cucumber Scenarios" data-provider="scenarios" finished-at="2023-05-09T16:28:36 EDT" duration-ms="1292" status="PASS">
          <params>
            <param index="0">
              <value>
                <![CDATA["User is on Home page and clicks on Get Started button on HomePage without sign in"]]>
              </value>
            </param>
            <param index="1">
              <value>
                <![CDATA["Optional[GetStarted button  and HomePage]"]]>
              </value>
            </param>
          </params>
          <reporter-output>
          </reporter-output>
        </test-method> <!-- runScenario -->
        <test-method signature="runScenario(io.cucumber.testng.PickleWrapper,io.cucumber.testng.FeatureWrapper)[pri:0, instance:testRunner.RunTest@4fb0f2b9]" started-at="2023-05-09T16:28:36 EDT" name="runScenario" description="Runs Cucumber Scenarios" data-provider="scenarios" finished-at="2023-05-09T16:28:37 EDT" duration-ms="1274" status="PASS">
          <params>
            <param index="0">
              <value>
                <![CDATA["User is on Home page and clicks on Get Started button on HomePage without sign in"]]>
              </value>
            </param>
            <param index="1">
              <value>
                <![CDATA["Optional[GetStarted button  and HomePage]"]]>
              </value>
            </param>
          </params>
          <reporter-output>
          </reporter-output>
        </test-method> <!-- runScenario -->
        <test-method signature="runScenario(io.cucumber.testng.PickleWrapper,io.cucumber.testng.FeatureWrapper)[pri:0, instance:testRunner.RunTest@4fb0f2b9]" started-at="2023-05-09T16:28:37 EDT" name="runScenario" description="Runs Cucumber Scenarios" data-provider="scenarios" finished-at="2023-05-09T16:28:38 EDT" duration-ms="1273" status="PASS">
          <params>
            <param index="0">
              <value>
                <![CDATA["User is on Home page and clicks on Get Started button on HomePage without sign in"]]>
              </value>
            </param>
            <param index="1">
              <value>
                <![CDATA["Optional[GetStarted button  and HomePage]"]]>
              </value>
            </param>
          </params>
          <reporter-output>
          </reporter-output>
        </test-method> <!-- runScenario -->
        <test-method signature="runScenario(io.cucumber.testng.PickleWrapper,io.cucumber.testng.FeatureWrapper)[pri:0, instance:testRunner.RunTest@4fb0f2b9]" started-at="2023-05-09T16:28:38 EDT" name="runScenario" description="Runs Cucumber Scenarios" data-provider="scenarios" finished-at="2023-05-09T16:28:40 EDT" duration-ms="1880" status="PASS">
          <params>
            <param index="0">
              <value>
                <![CDATA["User is on Home page and clicks on dropdown without sign in"]]>
              </value>
            </param>
            <param index="1">
              <value>
                <![CDATA["Optional[GetStarted button  and HomePage]"]]>
              </value>
            </param>
          </params>
          <reporter-output>
          </reporter-output>
        </test-method> <!-- runScenario -->
        <test-method signature="runScenario(io.cucumber.testng.PickleWrapper,io.cucumber.testng.FeatureWrapper)[pri:0, instance:testRunner.RunTest@4fb0f2b9]" started-at="2023-05-09T16:28:40 EDT" name="runScenario" description="Runs Cucumber Scenarios" data-provider="scenarios" finished-at="2023-05-09T16:28:42 EDT" duration-ms="1902" status="PASS">
          <params>
            <param index="0">
              <value>
                <![CDATA["User is on Home page and clicks on dropdown without sign in"]]>
              </value>
            </param>
            <param index="1">
              <value>
                <![CDATA["Optional[GetStarted button  and HomePage]"]]>
              </value>
            </param>
          </params>
          <reporter-output>
          </reporter-output>
        </test-method> <!-- runScenario -->
        <test-method signature="runScenario(io.cucumber.testng.PickleWrapper,io.cucumber.testng.FeatureWrapper)[pri:0, instance:testRunner.RunTest@4fb0f2b9]" started-at="2023-05-09T16:28:42 EDT" name="runScenario" description="Runs Cucumber Scenarios" data-provider="scenarios" finished-at="2023-05-09T16:28:44 EDT" duration-ms="1791" status="PASS">
          <params>
            <param index="0">
              <value>
                <![CDATA["User is on Home page and clicks on dropdown without sign in"]]>
              </value>
            </param>
            <param index="1">
              <value>
                <![CDATA["Optional[GetStarted button  and HomePage]"]]>
              </value>
            </param>
          </params>
          <reporter-output>
          </reporter-output>
        </test-method> <!-- runScenario -->
        <test-method signature="runScenario(io.cucumber.testng.PickleWrapper,io.cucumber.testng.FeatureWrapper)[pri:0, instance:testRunner.RunTest@4fb0f2b9]" started-at="2023-05-09T16:28:44 EDT" name="runScenario" description="Runs Cucumber Scenarios" data-provider="scenarios" finished-at="2023-05-09T16:28:46 EDT" duration-ms="1799" status="PASS">
          <params>
            <param index="0">
              <value>
                <![CDATA["User is on Home page and clicks on dropdown without sign in"]]>
              </value>
            </param>
            <param index="1">
              <value>
                <![CDATA["Optional[GetStarted button  and HomePage]"]]>
              </value>
            </param>
          </params>
          <reporter-output>
          </reporter-output>
        </test-method> <!-- runScenario -->
        <test-method signature="runScenario(io.cucumber.testng.PickleWrapper,io.cucumber.testng.FeatureWrapper)[pri:0, instance:testRunner.RunTest@4fb0f2b9]" started-at="2023-05-09T16:28:46 EDT" name="runScenario" description="Runs Cucumber Scenarios" data-provider="scenarios" finished-at="2023-05-09T16:28:48 EDT" duration-ms="1783" status="PASS">
          <params>
            <param index="0">
              <value>
                <![CDATA["User is on Home page and clicks on dropdown without sign in"]]>
              </value>
            </param>
            <param index="1">
              <value>
                <![CDATA["Optional[GetStarted button  and HomePage]"]]>
              </value>
            </param>
          </params>
          <reporter-output>
          </reporter-output>
        </test-method> <!-- runScenario -->
        <test-method signature="runScenario(io.cucumber.testng.PickleWrapper,io.cucumber.testng.FeatureWrapper)[pri:0, instance:testRunner.RunTest@4fb0f2b9]" started-at="2023-05-09T16:28:48 EDT" name="runScenario" description="Runs Cucumber Scenarios" data-provider="scenarios" finished-at="2023-05-09T16:28:49 EDT" duration-ms="1832" status="PASS">
          <params>
            <param index="0">
              <value>
                <![CDATA["User is on Home page and clicks on dropdown without sign in"]]>
              </value>
            </param>
            <param index="1">
              <value>
                <![CDATA["Optional[GetStarted button  and HomePage]"]]>
              </value>
            </param>
          </params>
          <reporter-output>
          </reporter-output>
        </test-method> <!-- runScenario -->
        <test-method signature="runScenario(io.cucumber.testng.PickleWrapper,io.cucumber.testng.FeatureWrapper)[pri:0, instance:testRunner.RunTest@4fb0f2b9]" started-at="2023-05-09T16:28:49 EDT" name="runScenario" description="Runs Cucumber Scenarios" data-provider="scenarios" finished-at="2023-05-09T16:28:50 EDT" duration-ms="686" status="PASS">
          <params>
            <param index="0">
              <value>
                <![CDATA["User opens Home page and clicks on Signin"]]>
              </value>
            </param>
            <param index="1">
              <value>
                <![CDATA["Optional[GetStarted button  and HomePage]"]]>
              </value>
            </param>
          </params>
          <reporter-output>
          </reporter-output>
        </test-method> <!-- runScenario -->
        <test-method signature="runScenario(io.cucumber.testng.PickleWrapper,io.cucumber.testng.FeatureWrapper)[pri:0, instance:testRunner.RunTest@4fb0f2b9]" started-at="2023-05-09T16:28:50 EDT" name="runScenario" description="Runs Cucumber Scenarios" data-provider="scenarios" finished-at="2023-05-09T16:28:51 EDT" duration-ms="680" status="PASS">
          <params>
            <param index="0">
              <value>
                <![CDATA["User opens Home page and clicks on Register"]]>
              </value>
            </param>
            <param index="1">
              <value>
                <![CDATA["Optional[GetStarted button  and HomePage]"]]>
              </value>
            </param>
          </params>
          <reporter-output>
          </reporter-output>
        </test-method> <!-- runScenario -->
        <test-method signature="runScenario(io.cucumber.testng.PickleWrapper,io.cucumber.testng.FeatureWrapper)[pri:0, instance:testRunner.RunTest@4fb0f2b9]" started-at="2023-05-09T16:28:51 EDT" name="runScenario" description="Runs Cucumber Scenarios" data-provider="scenarios" finished-at="2023-05-09T16:28:53 EDT" duration-ms="2276" status="PASS">
          <params>
            <param index="0">
              <value>
                <![CDATA["Navigating to Register page from ds-algo portal"]]>
              </value>
            </param>
            <param index="1">
              <value>
                <![CDATA["Optional[Register]"]]>
              </value>
            </param>
          </params>
          <reporter-output>
          </reporter-output>
        </test-method> <!-- runScenario -->
        <test-method signature="runScenario(io.cucumber.testng.PickleWrapper,io.cucumber.testng.FeatureWrapper)[pri:0, instance:testRunner.RunTest@4fb0f2b9]" started-at="2023-05-09T16:28:53 EDT" name="runScenario" description="Runs Cucumber Scenarios" data-provider="scenarios" finished-at="2023-05-09T16:28:54 EDT" duration-ms="1162" status="PASS">
          <params>
            <param index="0">
              <value>
                <![CDATA["Navigating to Login page from Register page"]]>
              </value>
            </param>
            <param index="1">
              <value>
                <![CDATA["Optional[Register]"]]>
              </value>
            </param>
          </params>
          <reporter-output>
          </reporter-output>
        </test-method> <!-- runScenario -->
        <test-method signature="runScenario(io.cucumber.testng.PickleWrapper,io.cucumber.testng.FeatureWrapper)[pri:0, instance:testRunner.RunTest@4fb0f2b9]" started-at="2023-05-09T16:28:54 EDT" name="runScenario" description="Runs Cucumber Scenarios" data-provider="scenarios" finished-at="2023-05-09T16:29:01 EDT" duration-ms="6936" status="FAIL">
          <params>
            <param index="0">
              <value>
                <![CDATA["Successful registration with valid credentials"]]>
              </value>
            </param>
            <param index="1">
              <value>
                <![CDATA["Optional[Register]"]]>
              </value>
            </param>
          </params>
          <exception class="java.lang.AssertionError">
            <message>
              <![CDATA[expected [true] but found [false]]]>
            </message>
            <full-stacktrace>
              <![CDATA[java.lang.AssertionError: expected [true] but found [false]
at org.testng.Assert.fail(Assert.java:110)
at org.testng.Assert.failNotEquals(Assert.java:1577)
at org.testng.Assert.assertEqualsImpl(Assert.java:149)
at org.testng.Assert.assertEquals(Assert.java:131)
at org.testng.Assert.assertEquals(Assert.java:1066)
at org.testng.Assert.assertEquals(Assert.java:1030)
at org.testng.Assert.assertEquals(Assert.java:1076)
at stepDefinitions.Register_SD.user_should_be_able_to_successfully_register_and_see_the_success_message(Register_SD.java:66)
at ✽.User should be  able to  successfully register and see the success message "New Account Created."(file:///Users/Dee/eclipse-workspace/ds_algo/src/test/resources/Features/02_Register.feature:25)
]]>
            </full-stacktrace>
          </exception> <!-- java.lang.AssertionError -->
          <reporter-output>
          </reporter-output>
        </test-method> <!-- runScenario -->
        <test-method signature="runScenario(io.cucumber.testng.PickleWrapper,io.cucumber.testng.FeatureWrapper)[pri:0, instance:testRunner.RunTest@4fb0f2b9]" started-at="2023-05-09T16:29:01 EDT" name="runScenario" description="Runs Cucumber Scenarios" data-provider="scenarios" finished-at="2023-05-09T16:29:03 EDT" duration-ms="2166" status="PASS">
          <params>
            <param index="0">
              <value>
                <![CDATA["Validating registration with empty fields"]]>
              </value>
            </param>
            <param index="1">
              <value>
                <![CDATA["Optional[Register]"]]>
              </value>
            </param>
          </params>
          <reporter-output>
          </reporter-output>
        </test-method> <!-- runScenario -->
        <test-method signature="runScenario(io.cucumber.testng.PickleWrapper,io.cucumber.testng.FeatureWrapper)[pri:0, instance:testRunner.RunTest@4fb0f2b9]" started-at="2023-05-09T16:29:03 EDT" name="runScenario" description="Runs Cucumber Scenarios" data-provider="scenarios" finished-at="2023-05-09T16:29:06 EDT" duration-ms="2213" status="PASS">
          <params>
            <param index="0">
              <value>
                <![CDATA["Validating registration with valid username and  empty password field"]]>
              </value>
            </param>
            <param index="1">
              <value>
                <![CDATA["Optional[Register]"]]>
              </value>
            </param>
          </params>
          <reporter-output>
          </reporter-output>
        </test-method> <!-- runScenario -->
        <test-method signature="runScenario(io.cucumber.testng.PickleWrapper,io.cucumber.testng.FeatureWrapper)[pri:0, instance:testRunner.RunTest@4fb0f2b9]" started-at="2023-05-09T16:29:06 EDT" name="runScenario" description="Runs Cucumber Scenarios" data-provider="scenarios" finished-at="2023-05-09T16:29:08 EDT" duration-ms="2236" status="PASS">
          <params>
            <param index="0">
              <value>
                <![CDATA["Validating registration with valid Username, Password  and  empty Password  confirmation field"]]>
              </value>
            </param>
            <param index="1">
              <value>
                <![CDATA["Optional[Register]"]]>
              </value>
            </param>
          </params>
          <reporter-output>
          </reporter-output>
        </test-method> <!-- runScenario -->
        <test-method signature="runScenario(io.cucumber.testng.PickleWrapper,io.cucumber.testng.FeatureWrapper)[pri:0, instance:testRunner.RunTest@4fb0f2b9]" started-at="2023-05-09T16:29:08 EDT" name="runScenario" description="Runs Cucumber Scenarios" data-provider="scenarios" finished-at="2023-05-09T16:29:10 EDT" duration-ms="2251" status="PASS">
          <params>
            <param index="0">
              <value>
                <![CDATA["Validating registration with empty Username, valid Password  and Password  confirmation field"]]>
              </value>
            </param>
            <param index="1">
              <value>
                <![CDATA["Optional[Register]"]]>
              </value>
            </param>
          </params>
          <reporter-output>
          </reporter-output>
        </test-method> <!-- runScenario -->
        <test-method signature="runScenario(io.cucumber.testng.PickleWrapper,io.cucumber.testng.FeatureWrapper)[pri:0, instance:testRunner.RunTest@4fb0f2b9]" started-at="2023-05-09T16:29:10 EDT" name="runScenario" description="Runs Cucumber Scenarios" data-provider="scenarios" finished-at="2023-05-09T16:29:12 EDT" duration-ms="2340" status="PASS">
          <params>
            <param index="0">
              <value>
                <![CDATA["Validate password mismatch"]]>
              </value>
            </param>
            <param index="1">
              <value>
                <![CDATA["Optional[Register]"]]>
              </value>
            </param>
          </params>
          <reporter-output>
          </reporter-output>
        </test-method> <!-- runScenario -->
        <test-method signature="runScenario(io.cucumber.testng.PickleWrapper,io.cucumber.testng.FeatureWrapper)[pri:0, instance:testRunner.RunTest@4fb0f2b9]" started-at="2023-05-09T16:29:12 EDT" name="runScenario" description="Runs Cucumber Scenarios" data-provider="scenarios" finished-at="2023-05-09T16:29:14 EDT" duration-ms="1816" status="PASS">
          <params>
            <param index="0">
              <value>
                <![CDATA["Validating Login with valid  and invalid credentials"]]>
              </value>
            </param>
            <param index="1">
              <value>
                <![CDATA["Optional[SignIn Validation]"]]>
              </value>
            </param>
          </params>
          <reporter-output>
          </reporter-output>
        </test-method> <!-- runScenario -->
        <test-method signature="runScenario(io.cucumber.testng.PickleWrapper,io.cucumber.testng.FeatureWrapper)[pri:0, instance:testRunner.RunTest@4fb0f2b9]" started-at="2023-05-09T16:29:14 EDT" name="runScenario" description="Runs Cucumber Scenarios" data-provider="scenarios" finished-at="2023-05-09T16:29:16 EDT" duration-ms="1503" status="PASS">
          <params>
            <param index="0">
              <value>
                <![CDATA["Validating Login with valid  and invalid credentials"]]>
              </value>
            </param>
            <param index="1">
              <value>
                <![CDATA["Optional[SignIn Validation]"]]>
              </value>
            </param>
          </params>
          <reporter-output>
          </reporter-output>
        </test-method> <!-- runScenario -->
        <test-method signature="runScenario(io.cucumber.testng.PickleWrapper,io.cucumber.testng.FeatureWrapper)[pri:0, instance:testRunner.RunTest@4fb0f2b9]" started-at="2023-05-09T16:29:16 EDT" name="runScenario" description="Runs Cucumber Scenarios" data-provider="scenarios" finished-at="2023-05-09T16:29:17 EDT" duration-ms="1382" status="PASS">
          <params>
            <param index="0">
              <value>
                <![CDATA["Validating Login with valid  and invalid credentials"]]>
              </value>
            </param>
            <param index="1">
              <value>
                <![CDATA["Optional[SignIn Validation]"]]>
              </value>
            </param>
          </params>
          <reporter-output>
          </reporter-output>
        </test-method> <!-- runScenario -->
        <test-method signature="runScenario(io.cucumber.testng.PickleWrapper,io.cucumber.testng.FeatureWrapper)[pri:0, instance:testRunner.RunTest@4fb0f2b9]" started-at="2023-05-09T16:29:17 EDT" name="runScenario" description="Runs Cucumber Scenarios" data-provider="scenarios" finished-at="2023-05-09T16:29:19 EDT" duration-ms="1480" status="PASS">
          <params>
            <param index="0">
              <value>
                <![CDATA["Validating Login with valid  and invalid credentials"]]>
              </value>
            </param>
            <param index="1">
              <value>
                <![CDATA["Optional[SignIn Validation]"]]>
              </value>
            </param>
          </params>
          <reporter-output>
          </reporter-output>
        </test-method> <!-- runScenario -->
        <test-method signature="runScenario(io.cucumber.testng.PickleWrapper,io.cucumber.testng.FeatureWrapper)[pri:0, instance:testRunner.RunTest@4fb0f2b9]" started-at="2023-05-09T16:29:19 EDT" name="runScenario" description="Runs Cucumber Scenarios" data-provider="scenarios" finished-at="2023-05-09T16:29:20 EDT" duration-ms="1383" status="PASS">
          <params>
            <param index="0">
              <value>
                <![CDATA["Validating Login with valid  and invalid credentials"]]>
              </value>
            </param>
            <param index="1">
              <value>
                <![CDATA["Optional[SignIn Validation]"]]>
              </value>
            </param>
          </params>
          <reporter-output>
          </reporter-output>
        </test-method> <!-- runScenario -->
        <test-method signature="runScenario(io.cucumber.testng.PickleWrapper,io.cucumber.testng.FeatureWrapper)[pri:0, instance:testRunner.RunTest@4fb0f2b9]" started-at="2023-05-09T16:29:20 EDT" name="runScenario" description="Runs Cucumber Scenarios" data-provider="scenarios" finished-at="2023-05-09T16:29:21 EDT" duration-ms="1206" status="PASS">
          <params>
            <param index="0">
              <value>
                <![CDATA["Validating login with empty fields"]]>
              </value>
            </param>
            <param index="1">
              <value>
                <![CDATA["Optional[SignIn Validation]"]]>
              </value>
            </param>
          </params>
          <reporter-output>
          </reporter-output>
        </test-method> <!-- runScenario -->
        <test-method signature="runScenario(io.cucumber.testng.PickleWrapper,io.cucumber.testng.FeatureWrapper)[pri:0, instance:testRunner.RunTest@4fb0f2b9]" started-at="2023-05-09T16:29:21 EDT" name="runScenario" description="Runs Cucumber Scenarios" data-provider="scenarios" finished-at="2023-05-09T16:29:22 EDT" duration-ms="1201" status="PASS">
          <params>
            <param index="0">
              <value>
                <![CDATA["Validating login with empty fields"]]>
              </value>
            </param>
            <param index="1">
              <value>
                <![CDATA["Optional[SignIn Validation]"]]>
              </value>
            </param>
          </params>
          <reporter-output>
          </reporter-output>
        </test-method> <!-- runScenario -->
        <test-method signature="runScenario(io.cucumber.testng.PickleWrapper,io.cucumber.testng.FeatureWrapper)[pri:0, instance:testRunner.RunTest@4fb0f2b9]" started-at="2023-05-09T16:29:22 EDT" name="runScenario" description="Runs Cucumber Scenarios" data-provider="scenarios" finished-at="2023-05-09T16:29:24 EDT" duration-ms="1214" status="PASS">
          <params>
            <param index="0">
              <value>
                <![CDATA["Validating login with empty fields"]]>
              </value>
            </param>
            <param index="1">
              <value>
                <![CDATA["Optional[SignIn Validation]"]]>
              </value>
            </param>
          </params>
          <reporter-output>
          </reporter-output>
        </test-method> <!-- runScenario -->
        <test-method signature="runScenario(io.cucumber.testng.PickleWrapper,io.cucumber.testng.FeatureWrapper)[pri:0, instance:testRunner.RunTest@4fb0f2b9]" started-at="2023-05-09T16:29:24 EDT" name="runScenario" description="Runs Cucumber Scenarios" data-provider="scenarios" finished-at="2023-05-09T16:29:26 EDT" duration-ms="2628" status="PASS">
          <params>
            <param index="0">
              <value>
                <![CDATA["Validating Signout"]]>
              </value>
            </param>
            <param index="1">
              <value>
                <![CDATA["Optional[SignIn Validation]"]]>
              </value>
            </param>
          </params>
          <reporter-output>
          </reporter-output>
        </test-method> <!-- runScenario -->
        <test-method signature="runScenario(io.cucumber.testng.PickleWrapper,io.cucumber.testng.FeatureWrapper)[pri:0, instance:testRunner.RunTest@4fb0f2b9]" started-at="2023-05-09T16:29:26 EDT" name="runScenario" description="Runs Cucumber Scenarios" data-provider="scenarios" finished-at="2023-05-09T16:29:33 EDT" duration-ms="6415" status="PASS">
          <params>
            <param index="0">
              <value>
                <![CDATA["Validating Data Structures Introduction page"]]>
              </value>
            </param>
            <param index="1">
              <value>
                <![CDATA["Optional[Data Structures-Intro]"]]>
              </value>
            </param>
          </params>
          <reporter-output>
          </reporter-output>
        </test-method> <!-- runScenario -->
        <test-method signature="runScenario(io.cucumber.testng.PickleWrapper,io.cucumber.testng.FeatureWrapper)[pri:0, instance:testRunner.RunTest@4fb0f2b9]" started-at="2023-05-09T16:29:33 EDT" name="runScenario" description="Runs Cucumber Scenarios" data-provider="scenarios" finished-at="2023-05-09T16:29:33 EDT" duration-ms="705" status="PASS">
          <params>
            <param index="0">
              <value>
                <![CDATA["Validate Array page"]]>
              </value>
            </param>
            <param index="1">
              <value>
                <![CDATA["Optional[Array]"]]>
              </value>
            </param>
          </params>
          <reporter-output>
          </reporter-output>
        </test-method> <!-- runScenario -->
        <test-method signature="runScenario(io.cucumber.testng.PickleWrapper,io.cucumber.testng.FeatureWrapper)[pri:0, instance:testRunner.RunTest@4fb0f2b9]" started-at="2023-05-09T16:29:33 EDT" name="runScenario" description="Runs Cucumber Scenarios" data-provider="scenarios" finished-at="2023-05-09T16:29:34 EDT" duration-ms="843" status="PASS">
          <params>
            <param index="0">
              <value>
                <![CDATA["Validate 'Arrays in Python' link"]]>
              </value>
            </param>
            <param index="1">
              <value>
                <![CDATA["Optional[Array]"]]>
              </value>
            </param>
          </params>
          <reporter-output>
          </reporter-output>
        </test-method> <!-- runScenario -->
        <test-method signature="runScenario(io.cucumber.testng.PickleWrapper,io.cucumber.testng.FeatureWrapper)[pri:0, instance:testRunner.RunTest@4fb0f2b9]" started-at="2023-05-09T16:29:34 EDT" name="runScenario" description="Runs Cucumber Scenarios" data-provider="scenarios" finished-at="2023-05-09T16:29:35 EDT" duration-ms="745" status="PASS">
          <params>
            <param index="0">
              <value>
                <![CDATA["Validate 'Arrays Using List' link"]]>
              </value>
            </param>
            <param index="1">
              <value>
                <![CDATA["Optional[Array]"]]>
              </value>
            </param>
          </params>
          <reporter-output>
          </reporter-output>
        </test-method> <!-- runScenario -->
        <test-method signature="runScenario(io.cucumber.testng.PickleWrapper,io.cucumber.testng.FeatureWrapper)[pri:0, instance:testRunner.RunTest@4fb0f2b9]" started-at="2023-05-09T16:29:35 EDT" name="runScenario" description="Runs Cucumber Scenarios" data-provider="scenarios" finished-at="2023-05-09T16:29:36 EDT" duration-ms="740" status="PASS">
          <params>
            <param index="0">
              <value>
                <![CDATA["Validate 'Basic Operations in List' link"]]>
              </value>
            </param>
            <param index="1">
              <value>
                <![CDATA["Optional[Array]"]]>
              </value>
            </param>
          </params>
          <reporter-output>
          </reporter-output>
        </test-method> <!-- runScenario -->
        <test-method signature="runScenario(io.cucumber.testng.PickleWrapper,io.cucumber.testng.FeatureWrapper)[pri:0, instance:testRunner.RunTest@4fb0f2b9]" started-at="2023-05-09T16:29:36 EDT" name="runScenario" description="Runs Cucumber Scenarios" data-provider="scenarios" finished-at="2023-05-09T16:29:36 EDT" duration-ms="758" status="PASS">
          <params>
            <param index="0">
              <value>
                <![CDATA["Validate 'Applications of Array' link"]]>
              </value>
            </param>
            <param index="1">
              <value>
                <![CDATA["Optional[Array]"]]>
              </value>
            </param>
          </params>
          <reporter-output>
          </reporter-output>
        </test-method> <!-- runScenario -->
        <test-method signature="runScenario(io.cucumber.testng.PickleWrapper,io.cucumber.testng.FeatureWrapper)[pri:0, instance:testRunner.RunTest@4fb0f2b9]" started-at="2023-05-09T16:29:36 EDT" name="runScenario" description="Runs Cucumber Scenarios" data-provider="scenarios" finished-at="2023-05-09T16:29:38 EDT" duration-ms="1545" status="PASS">
          <params>
            <param index="0">
              <value>
                <![CDATA["Validate  python code for Arrays in Python TryEditor"]]>
              </value>
            </param>
            <param index="1">
              <value>
                <![CDATA["Optional[Array]"]]>
              </value>
            </param>
          </params>
          <reporter-output>
          </reporter-output>
        </test-method> <!-- runScenario -->
        <test-method signature="runScenario(io.cucumber.testng.PickleWrapper,io.cucumber.testng.FeatureWrapper)[pri:0, instance:testRunner.RunTest@4fb0f2b9]" started-at="2023-05-09T16:29:38 EDT" name="runScenario" description="Runs Cucumber Scenarios" data-provider="scenarios" finished-at="2023-05-09T16:29:40 EDT" duration-ms="1921" status="PASS">
          <params>
            <param index="0">
              <value>
                <![CDATA["Validation invalid python code for Arrays in Python TryEditor"]]>
              </value>
            </param>
            <param index="1">
              <value>
                <![CDATA["Optional[Array]"]]>
              </value>
            </param>
          </params>
          <reporter-output>
          </reporter-output>
        </test-method> <!-- runScenario -->
        <test-method signature="runScenario(io.cucumber.testng.PickleWrapper,io.cucumber.testng.FeatureWrapper)[pri:0, instance:testRunner.RunTest@4fb0f2b9]" started-at="2023-05-09T16:29:40 EDT" name="runScenario" description="Runs Cucumber Scenarios" data-provider="scenarios" finished-at="2023-05-09T16:29:41 EDT" duration-ms="1541" status="PASS">
          <params>
            <param index="0">
              <value>
                <![CDATA["Validate  python code for Arrays using List TryEditor"]]>
              </value>
            </param>
            <param index="1">
              <value>
                <![CDATA["Optional[Array]"]]>
              </value>
            </param>
          </params>
          <reporter-output>
          </reporter-output>
        </test-method> <!-- runScenario -->
        <test-method signature="runScenario(io.cucumber.testng.PickleWrapper,io.cucumber.testng.FeatureWrapper)[pri:0, instance:testRunner.RunTest@4fb0f2b9]" started-at="2023-05-09T16:29:41 EDT" name="runScenario" description="Runs Cucumber Scenarios" data-provider="scenarios" finished-at="2023-05-09T16:29:43 EDT" duration-ms="1999" status="PASS">
          <params>
            <param index="0">
              <value>
                <![CDATA["Validation invalid python code for Arrays using List TryEditor"]]>
              </value>
            </param>
            <param index="1">
              <value>
                <![CDATA["Optional[Array]"]]>
              </value>
            </param>
          </params>
          <reporter-output>
          </reporter-output>
        </test-method> <!-- runScenario -->
        <test-method signature="runScenario(io.cucumber.testng.PickleWrapper,io.cucumber.testng.FeatureWrapper)[pri:0, instance:testRunner.RunTest@4fb0f2b9]" started-at="2023-05-09T16:29:43 EDT" name="runScenario" description="Runs Cucumber Scenarios" data-provider="scenarios" finished-at="2023-05-09T16:29:45 EDT" duration-ms="1530" status="PASS">
          <params>
            <param index="0">
              <value>
                <![CDATA["Validate  python code for Basic Operations in List TryEditor"]]>
              </value>
            </param>
            <param index="1">
              <value>
                <![CDATA["Optional[Array]"]]>
              </value>
            </param>
          </params>
          <reporter-output>
          </reporter-output>
        </test-method> <!-- runScenario -->
        <test-method signature="runScenario(io.cucumber.testng.PickleWrapper,io.cucumber.testng.FeatureWrapper)[pri:0, instance:testRunner.RunTest@4fb0f2b9]" started-at="2023-05-09T16:29:45 EDT" name="runScenario" description="Runs Cucumber Scenarios" data-provider="scenarios" finished-at="2023-05-09T16:29:47 EDT" duration-ms="1987" status="PASS">
          <params>
            <param index="0">
              <value>
                <![CDATA["Validation invalid python code for Basic operations in List TryEditor"]]>
              </value>
            </param>
            <param index="1">
              <value>
                <![CDATA["Optional[Array]"]]>
              </value>
            </param>
          </params>
          <reporter-output>
          </reporter-output>
        </test-method> <!-- runScenario -->
        <test-method signature="runScenario(io.cucumber.testng.PickleWrapper,io.cucumber.testng.FeatureWrapper)[pri:0, instance:testRunner.RunTest@4fb0f2b9]" started-at="2023-05-09T16:29:47 EDT" name="runScenario" description="Runs Cucumber Scenarios" data-provider="scenarios" finished-at="2023-05-09T16:29:48 EDT" duration-ms="1534" status="PASS">
          <params>
            <param index="0">
              <value>
                <![CDATA["Validate  python code for Applications of Array TryEditor"]]>
              </value>
            </param>
            <param index="1">
              <value>
                <![CDATA["Optional[Array]"]]>
              </value>
            </param>
          </params>
          <reporter-output>
          </reporter-output>
        </test-method> <!-- runScenario -->
        <test-method signature="runScenario(io.cucumber.testng.PickleWrapper,io.cucumber.testng.FeatureWrapper)[pri:0, instance:testRunner.RunTest@4fb0f2b9]" started-at="2023-05-09T16:29:48 EDT" name="runScenario" description="Runs Cucumber Scenarios" data-provider="scenarios" finished-at="2023-05-09T16:29:50 EDT" duration-ms="2013" status="PASS">
          <params>
            <param index="0">
              <value>
                <![CDATA["Validation invalid python code for Applications of Array TryEditor"]]>
              </value>
            </param>
            <param index="1">
              <value>
                <![CDATA["Optional[Array]"]]>
              </value>
            </param>
          </params>
          <reporter-output>
          </reporter-output>
        </test-method> <!-- runScenario -->
        <test-method signature="runScenario(io.cucumber.testng.PickleWrapper,io.cucumber.testng.FeatureWrapper)[pri:0, instance:testRunner.RunTest@4fb0f2b9]" started-at="2023-05-09T16:29:50 EDT" name="runScenario" description="Runs Cucumber Scenarios" data-provider="scenarios" finished-at="2023-05-09T16:29:51 EDT" duration-ms="205" status="PASS">
          <params>
            <param index="0">
              <value>
                <![CDATA["Validate 'Practice Questions' link"]]>
              </value>
            </param>
            <param index="1">
              <value>
                <![CDATA["Optional[Array]"]]>
              </value>
            </param>
          </params>
          <reporter-output>
          </reporter-output>
        </test-method> <!-- runScenario -->
        <test-method signature="runScenario(io.cucumber.testng.PickleWrapper,io.cucumber.testng.FeatureWrapper)[pri:0, instance:testRunner.RunTest@4fb0f2b9]" started-at="2023-05-09T16:29:51 EDT" name="runScenario" description="Runs Cucumber Scenarios" data-provider="scenarios" finished-at="2023-05-09T16:29:52 EDT" duration-ms="1575" status="PASS">
          <params>
            <param index="0">
              <value>
                <![CDATA["Validate TryEditor for 'Search for array' in Practice Questions"]]>
              </value>
            </param>
            <param index="1">
              <value>
                <![CDATA["Optional[Array]"]]>
              </value>
            </param>
          </params>
          <reporter-output>
          </reporter-output>
        </test-method> <!-- runScenario -->
        <test-method signature="runScenario(io.cucumber.testng.PickleWrapper,io.cucumber.testng.FeatureWrapper)[pri:0, instance:testRunner.RunTest@4fb0f2b9]" started-at="2023-05-09T16:29:52 EDT" name="runScenario" description="Runs Cucumber Scenarios" data-provider="scenarios" finished-at="2023-05-09T16:29:54 EDT" duration-ms="1767" status="PASS">
          <params>
            <param index="0">
              <value>
                <![CDATA["Validate TryEditor for 'Max consecutive ones' in Practice Questions"]]>
              </value>
            </param>
            <param index="1">
              <value>
                <![CDATA["Optional[Array]"]]>
              </value>
            </param>
          </params>
          <reporter-output>
          </reporter-output>
        </test-method> <!-- runScenario -->
        <test-method signature="runScenario(io.cucumber.testng.PickleWrapper,io.cucumber.testng.FeatureWrapper)[pri:0, instance:testRunner.RunTest@4fb0f2b9]" started-at="2023-05-09T16:29:54 EDT" name="runScenario" description="Runs Cucumber Scenarios" data-provider="scenarios" finished-at="2023-05-09T16:29:56 EDT" duration-ms="1667" status="PASS">
          <params>
            <param index="0">
              <value>
                <![CDATA["Validate TryEditor for 'Find Numbers with Even number of digits' in Practice Questions"]]>
              </value>
            </param>
            <param index="1">
              <value>
                <![CDATA["Optional[Array]"]]>
              </value>
            </param>
          </params>
          <reporter-output>
          </reporter-output>
        </test-method> <!-- runScenario -->
        <test-method signature="runScenario(io.cucumber.testng.PickleWrapper,io.cucumber.testng.FeatureWrapper)[pri:0, instance:testRunner.RunTest@4fb0f2b9]" started-at="2023-05-09T16:29:56 EDT" name="runScenario" description="Runs Cucumber Scenarios" data-provider="scenarios" finished-at="2023-05-09T16:29:57 EDT" duration-ms="1650" status="PASS">
          <params>
            <param index="0">
              <value>
                <![CDATA["Validate TryEditor for 'Squares of a sorted array' in Practice Questions"]]>
              </value>
            </param>
            <param index="1">
              <value>
                <![CDATA["Optional[Array]"]]>
              </value>
            </param>
          </params>
          <reporter-output>
          </reporter-output>
        </test-method> <!-- runScenario -->
        <test-method signature="runScenario(io.cucumber.testng.PickleWrapper,io.cucumber.testng.FeatureWrapper)[pri:0, instance:testRunner.RunTest@4fb0f2b9]" started-at="2023-05-09T16:29:57 EDT" name="runScenario" description="Runs Cucumber Scenarios" data-provider="scenarios" finished-at="2023-05-09T16:29:58 EDT" duration-ms="1001" status="PASS">
          <params>
            <param index="0">
              <value>
                <![CDATA["Validating the Linked List page features"]]>
              </value>
            </param>
            <param index="1">
              <value>
                <![CDATA["Optional[Validating the LinkedList page and its features]"]]>
              </value>
            </param>
          </params>
          <reporter-output>
          </reporter-output>
        </test-method> <!-- runScenario -->
        <test-method signature="runScenario(io.cucumber.testng.PickleWrapper,io.cucumber.testng.FeatureWrapper)[pri:0, instance:testRunner.RunTest@4fb0f2b9]" started-at="2023-05-09T16:29:58 EDT" name="runScenario" description="Runs Cucumber Scenarios" data-provider="scenarios" finished-at="2023-05-09T16:30:00 EDT" duration-ms="1288" status="PASS">
          <params>
            <param index="0">
              <value>
                <![CDATA["Verifying valid code in the text editor - Intro page"]]>
              </value>
            </param>
            <param index="1">
              <value>
                <![CDATA["Optional[Validating the LinkedList page and its features]"]]>
              </value>
            </param>
          </params>
          <reporter-output>
          </reporter-output>
        </test-method> <!-- runScenario -->
        <test-method signature="runScenario(io.cucumber.testng.PickleWrapper,io.cucumber.testng.FeatureWrapper)[pri:0, instance:testRunner.RunTest@4fb0f2b9]" started-at="2023-05-09T16:30:00 EDT" name="runScenario" description="Runs Cucumber Scenarios" data-provider="scenarios" finished-at="2023-05-09T16:30:02 EDT" duration-ms="2441" status="PASS">
          <params>
            <param index="0">
              <value>
                <![CDATA["Verifying invalid code in the text editor - Intro page"]]>
              </value>
            </param>
            <param index="1">
              <value>
                <![CDATA["Optional[Validating the LinkedList page and its features]"]]>
              </value>
            </param>
          </params>
          <reporter-output>
          </reporter-output>
        </test-method> <!-- runScenario -->
        <test-method signature="runScenario(io.cucumber.testng.PickleWrapper,io.cucumber.testng.FeatureWrapper)[pri:0, instance:testRunner.RunTest@4fb0f2b9]" started-at="2023-05-09T16:30:02 EDT" name="runScenario" description="Runs Cucumber Scenarios" data-provider="scenarios" finished-at="2023-05-09T16:30:02 EDT" duration-ms="336" status="PASS">
          <params>
            <param index="0">
              <value>
                <![CDATA["Validating 'Creating Linked List' link and its features"]]>
              </value>
            </param>
            <param index="1">
              <value>
                <![CDATA["Optional[Validating the LinkedList page and its features]"]]>
              </value>
            </param>
          </params>
          <reporter-output>
          </reporter-output>
        </test-method> <!-- runScenario -->
        <test-method signature="runScenario(io.cucumber.testng.PickleWrapper,io.cucumber.testng.FeatureWrapper)[pri:0, instance:testRunner.RunTest@4fb0f2b9]" started-at="2023-05-09T16:30:02 EDT" name="runScenario" description="Runs Cucumber Scenarios" data-provider="scenarios" finished-at="2023-05-09T16:30:04 EDT" duration-ms="1263" status="PASS">
          <params>
            <param index="0">
              <value>
                <![CDATA["Verifying valid code in the text editor in 'Creating Linked List'  page"]]>
              </value>
            </param>
            <param index="1">
              <value>
                <![CDATA["Optional[Validating the LinkedList page and its features]"]]>
              </value>
            </param>
          </params>
          <reporter-output>
          </reporter-output>
        </test-method> <!-- runScenario -->
        <test-method signature="runScenario(io.cucumber.testng.PickleWrapper,io.cucumber.testng.FeatureWrapper)[pri:0, instance:testRunner.RunTest@4fb0f2b9]" started-at="2023-05-09T16:30:04 EDT" name="runScenario" description="Runs Cucumber Scenarios" data-provider="scenarios" finished-at="2023-05-09T16:30:06 EDT" duration-ms="2453" status="PASS">
          <params>
            <param index="0">
              <value>
                <![CDATA["Verifying invalid code in the text editor in 'Creating Linked List'  page"]]>
              </value>
            </param>
            <param index="1">
              <value>
                <![CDATA["Optional[Validating the LinkedList page and its features]"]]>
              </value>
            </param>
          </params>
          <reporter-output>
          </reporter-output>
        </test-method> <!-- runScenario -->
        <test-method signature="runScenario(io.cucumber.testng.PickleWrapper,io.cucumber.testng.FeatureWrapper)[pri:0, instance:testRunner.RunTest@4fb0f2b9]" started-at="2023-05-09T16:30:06 EDT" name="runScenario" description="Runs Cucumber Scenarios" data-provider="scenarios" finished-at="2023-05-09T16:30:06 EDT" duration-ms="317" status="PASS">
          <params>
            <param index="0">
              <value>
                <![CDATA["Validating 'Types of Linked List' link and its features"]]>
              </value>
            </param>
            <param index="1">
              <value>
                <![CDATA["Optional[Validating the LinkedList page and its features]"]]>
              </value>
            </param>
          </params>
          <reporter-output>
          </reporter-output>
        </test-method> <!-- runScenario -->
        <test-method signature="runScenario(io.cucumber.testng.PickleWrapper,io.cucumber.testng.FeatureWrapper)[pri:0, instance:testRunner.RunTest@4fb0f2b9]" started-at="2023-05-09T16:30:06 EDT" name="runScenario" description="Runs Cucumber Scenarios" data-provider="scenarios" finished-at="2023-05-09T16:30:08 EDT" duration-ms="1259" status="PASS">
          <params>
            <param index="0">
              <value>
                <![CDATA["Verifying valid code in the text editor in 'Types of Linked List'  page"]]>
              </value>
            </param>
            <param index="1">
              <value>
                <![CDATA["Optional[Validating the LinkedList page and its features]"]]>
              </value>
            </param>
          </params>
          <reporter-output>
          </reporter-output>
        </test-method> <!-- runScenario -->
        <test-method signature="runScenario(io.cucumber.testng.PickleWrapper,io.cucumber.testng.FeatureWrapper)[pri:0, instance:testRunner.RunTest@4fb0f2b9]" started-at="2023-05-09T16:30:08 EDT" name="runScenario" description="Runs Cucumber Scenarios" data-provider="scenarios" finished-at="2023-05-09T16:30:10 EDT" duration-ms="2558" status="PASS">
          <params>
            <param index="0">
              <value>
                <![CDATA["Verifying invalid code in the text editor in Types of Linked List -  page"]]>
              </value>
            </param>
            <param index="1">
              <value>
                <![CDATA["Optional[Validating the LinkedList page and its features]"]]>
              </value>
            </param>
          </params>
          <reporter-output>
          </reporter-output>
        </test-method> <!-- runScenario -->
        <test-method signature="runScenario(io.cucumber.testng.PickleWrapper,io.cucumber.testng.FeatureWrapper)[pri:0, instance:testRunner.RunTest@4fb0f2b9]" started-at="2023-05-09T16:30:10 EDT" name="runScenario" description="Runs Cucumber Scenarios" data-provider="scenarios" finished-at="2023-05-09T16:30:11 EDT" duration-ms="278" status="PASS">
          <params>
            <param index="0">
              <value>
                <![CDATA["Validating 'Implement Linked List in Python' link and its features"]]>
              </value>
            </param>
            <param index="1">
              <value>
                <![CDATA["Optional[Validating the LinkedList page and its features]"]]>
              </value>
            </param>
          </params>
          <reporter-output>
          </reporter-output>
        </test-method> <!-- runScenario -->
        <test-method signature="runScenario(io.cucumber.testng.PickleWrapper,io.cucumber.testng.FeatureWrapper)[pri:0, instance:testRunner.RunTest@4fb0f2b9]" started-at="2023-05-09T16:30:11 EDT" name="runScenario" description="Runs Cucumber Scenarios" data-provider="scenarios" finished-at="2023-05-09T16:30:12 EDT" duration-ms="1278" status="PASS">
          <params>
            <param index="0">
              <value>
                <![CDATA["Verifying valid code in the text editor in 'Implement Linked List in Python' page"]]>
              </value>
            </param>
            <param index="1">
              <value>
                <![CDATA["Optional[Validating the LinkedList page and its features]"]]>
              </value>
            </param>
          </params>
          <reporter-output>
          </reporter-output>
        </test-method> <!-- runScenario -->
        <test-method signature="runScenario(io.cucumber.testng.PickleWrapper,io.cucumber.testng.FeatureWrapper)[pri:0, instance:testRunner.RunTest@4fb0f2b9]" started-at="2023-05-09T16:30:12 EDT" name="runScenario" description="Runs Cucumber Scenarios" data-provider="scenarios" finished-at="2023-05-09T16:30:14 EDT" duration-ms="2453" status="PASS">
          <params>
            <param index="0">
              <value>
                <![CDATA["Verifying invalid code in the text editor in 'Implement Linked List in Python' page"]]>
              </value>
            </param>
            <param index="1">
              <value>
                <![CDATA["Optional[Validating the LinkedList page and its features]"]]>
              </value>
            </param>
          </params>
          <reporter-output>
          </reporter-output>
        </test-method> <!-- runScenario -->
        <test-method signature="runScenario(io.cucumber.testng.PickleWrapper,io.cucumber.testng.FeatureWrapper)[pri:0, instance:testRunner.RunTest@4fb0f2b9]" started-at="2023-05-09T16:30:14 EDT" name="runScenario" description="Runs Cucumber Scenarios" data-provider="scenarios" finished-at="2023-05-09T16:30:15 EDT" duration-ms="296" status="PASS">
          <params>
            <param index="0">
              <value>
                <![CDATA["Validating 'Traversal' link and its features"]]>
              </value>
            </param>
            <param index="1">
              <value>
                <![CDATA["Optional[Validating the LinkedList page and its features]"]]>
              </value>
            </param>
          </params>
          <reporter-output>
          </reporter-output>
        </test-method> <!-- runScenario -->
        <test-method signature="runScenario(io.cucumber.testng.PickleWrapper,io.cucumber.testng.FeatureWrapper)[pri:0, instance:testRunner.RunTest@4fb0f2b9]" started-at="2023-05-09T16:30:15 EDT" name="runScenario" description="Runs Cucumber Scenarios" data-provider="scenarios" finished-at="2023-05-09T16:30:16 EDT" duration-ms="1268" status="PASS">
          <params>
            <param index="0">
              <value>
                <![CDATA["Verifying valid code in the text editor in 'Traversal' page"]]>
              </value>
            </param>
            <param index="1">
              <value>
                <![CDATA["Optional[Validating the LinkedList page and its features]"]]>
              </value>
            </param>
          </params>
          <reporter-output>
          </reporter-output>
        </test-method> <!-- runScenario -->
        <test-method signature="runScenario(io.cucumber.testng.PickleWrapper,io.cucumber.testng.FeatureWrapper)[pri:0, instance:testRunner.RunTest@4fb0f2b9]" started-at="2023-05-09T16:30:16 EDT" name="runScenario" description="Runs Cucumber Scenarios" data-provider="scenarios" finished-at="2023-05-09T16:30:18 EDT" duration-ms="2438" status="PASS">
          <params>
            <param index="0">
              <value>
                <![CDATA["Verifying invalid code in the text editor in Traversal page"]]>
              </value>
            </param>
            <param index="1">
              <value>
                <![CDATA["Optional[Validating the LinkedList page and its features]"]]>
              </value>
            </param>
          </params>
          <reporter-output>
          </reporter-output>
        </test-method> <!-- runScenario -->
        <test-method signature="runScenario(io.cucumber.testng.PickleWrapper,io.cucumber.testng.FeatureWrapper)[pri:0, instance:testRunner.RunTest@4fb0f2b9]" started-at="2023-05-09T16:30:18 EDT" name="runScenario" description="Runs Cucumber Scenarios" data-provider="scenarios" finished-at="2023-05-09T16:30:19 EDT" duration-ms="352" status="PASS">
          <params>
            <param index="0">
              <value>
                <![CDATA["Validating 'Insertion' link and its features"]]>
              </value>
            </param>
            <param index="1">
              <value>
                <![CDATA["Optional[Validating the LinkedList page and its features]"]]>
              </value>
            </param>
          </params>
          <reporter-output>
          </reporter-output>
        </test-method> <!-- runScenario -->
        <test-method signature="runScenario(io.cucumber.testng.PickleWrapper,io.cucumber.testng.FeatureWrapper)[pri:0, instance:testRunner.RunTest@4fb0f2b9]" started-at="2023-05-09T16:30:19 EDT" name="runScenario" description="Runs Cucumber Scenarios" data-provider="scenarios" finished-at="2023-05-09T16:30:20 EDT" duration-ms="1251" status="PASS">
          <params>
            <param index="0">
              <value>
                <![CDATA["Verifying valid code in the text editor in 'Insertion' page"]]>
              </value>
            </param>
            <param index="1">
              <value>
                <![CDATA["Optional[Validating the LinkedList page and its features]"]]>
              </value>
            </param>
          </params>
          <reporter-output>
          </reporter-output>
        </test-method> <!-- runScenario -->
        <test-method signature="runScenario(io.cucumber.testng.PickleWrapper,io.cucumber.testng.FeatureWrapper)[pri:0, instance:testRunner.RunTest@4fb0f2b9]" started-at="2023-05-09T16:30:20 EDT" name="runScenario" description="Runs Cucumber Scenarios" data-provider="scenarios" finished-at="2023-05-09T16:30:22 EDT" duration-ms="2565" status="PASS">
          <params>
            <param index="0">
              <value>
                <![CDATA["Verifying invalid code in the text editor in Insertion page"]]>
              </value>
            </param>
            <param index="1">
              <value>
                <![CDATA["Optional[Validating the LinkedList page and its features]"]]>
              </value>
            </param>
          </params>
          <reporter-output>
          </reporter-output>
        </test-method> <!-- runScenario -->
        <test-method signature="runScenario(io.cucumber.testng.PickleWrapper,io.cucumber.testng.FeatureWrapper)[pri:0, instance:testRunner.RunTest@4fb0f2b9]" started-at="2023-05-09T16:30:22 EDT" name="runScenario" description="Runs Cucumber Scenarios" data-provider="scenarios" finished-at="2023-05-09T16:30:23 EDT" duration-ms="279" status="PASS">
          <params>
            <param index="0">
              <value>
                <![CDATA["Validating 'Deletion' link and its features"]]>
              </value>
            </param>
            <param index="1">
              <value>
                <![CDATA["Optional[Validating the LinkedList page and its features]"]]>
              </value>
            </param>
          </params>
          <reporter-output>
          </reporter-output>
        </test-method> <!-- runScenario -->
        <test-method signature="runScenario(io.cucumber.testng.PickleWrapper,io.cucumber.testng.FeatureWrapper)[pri:0, instance:testRunner.RunTest@4fb0f2b9]" started-at="2023-05-09T16:30:23 EDT" name="runScenario" description="Runs Cucumber Scenarios" data-provider="scenarios" finished-at="2023-05-09T16:30:24 EDT" duration-ms="1266" status="PASS">
          <params>
            <param index="0">
              <value>
                <![CDATA["Verifying valid code in the text editor in 'Deletion' page"]]>
              </value>
            </param>
            <param index="1">
              <value>
                <![CDATA["Optional[Validating the LinkedList page and its features]"]]>
              </value>
            </param>
          </params>
          <reporter-output>
          </reporter-output>
        </test-method> <!-- runScenario -->
        <test-method signature="runScenario(io.cucumber.testng.PickleWrapper,io.cucumber.testng.FeatureWrapper)[pri:0, instance:testRunner.RunTest@4fb0f2b9]" started-at="2023-05-09T16:30:24 EDT" name="runScenario" description="Runs Cucumber Scenarios" data-provider="scenarios" finished-at="2023-05-09T16:30:26 EDT" duration-ms="2387" status="PASS">
          <params>
            <param index="0">
              <value>
                <![CDATA["Verifying invalid code in the text editor in 'Deletion' page"]]>
              </value>
            </param>
            <param index="1">
              <value>
                <![CDATA["Optional[Validating the LinkedList page and its features]"]]>
              </value>
            </param>
          </params>
          <reporter-output>
          </reporter-output>
        </test-method> <!-- runScenario -->
        <test-method signature="runScenario(io.cucumber.testng.PickleWrapper,io.cucumber.testng.FeatureWrapper)[pri:0, instance:testRunner.RunTest@4fb0f2b9]" started-at="2023-05-09T16:30:26 EDT" name="runScenario" description="Runs Cucumber Scenarios" data-provider="scenarios" finished-at="2023-05-09T16:30:27 EDT" duration-ms="696" status="PASS">
          <params>
            <param index="0">
              <value>
                <![CDATA["Validate Stack page"]]>
              </value>
            </param>
            <param index="1">
              <value>
                <![CDATA["Optional[Stack]"]]>
              </value>
            </param>
          </params>
          <reporter-output>
          </reporter-output>
        </test-method> <!-- runScenario -->
        <test-method signature="runScenario(io.cucumber.testng.PickleWrapper,io.cucumber.testng.FeatureWrapper)[pri:0, instance:testRunner.RunTest@4fb0f2b9]" started-at="2023-05-09T16:30:27 EDT" name="runScenario" description="Runs Cucumber Scenarios" data-provider="scenarios" finished-at="2023-05-09T16:30:28 EDT" duration-ms="758" status="PASS">
          <params>
            <param index="0">
              <value>
                <![CDATA["Validate 'Operations in Stack' link"]]>
              </value>
            </param>
            <param index="1">
              <value>
                <![CDATA["Optional[Stack]"]]>
              </value>
            </param>
          </params>
          <reporter-output>
          </reporter-output>
        </test-method> <!-- runScenario -->
        <test-method signature="runScenario(io.cucumber.testng.PickleWrapper,io.cucumber.testng.FeatureWrapper)[pri:0, instance:testRunner.RunTest@4fb0f2b9]" started-at="2023-05-09T16:30:28 EDT" name="runScenario" description="Runs Cucumber Scenarios" data-provider="scenarios" finished-at="2023-05-09T16:30:29 EDT" duration-ms="716" status="PASS">
          <params>
            <param index="0">
              <value>
                <![CDATA["Validate 'Implementation' link"]]>
              </value>
            </param>
            <param index="1">
              <value>
                <![CDATA["Optional[Stack]"]]>
              </value>
            </param>
          </params>
          <reporter-output>
          </reporter-output>
        </test-method> <!-- runScenario -->
        <test-method signature="runScenario(io.cucumber.testng.PickleWrapper,io.cucumber.testng.FeatureWrapper)[pri:0, instance:testRunner.RunTest@4fb0f2b9]" started-at="2023-05-09T16:30:29 EDT" name="runScenario" description="Runs Cucumber Scenarios" data-provider="scenarios" finished-at="2023-05-09T16:30:29 EDT" duration-ms="727" status="PASS">
          <params>
            <param index="0">
              <value>
                <![CDATA["Validate 'Applications' link"]]>
              </value>
            </param>
            <param index="1">
              <value>
                <![CDATA["Optional[Stack]"]]>
              </value>
            </param>
          </params>
          <reporter-output>
          </reporter-output>
        </test-method> <!-- runScenario -->
        <test-method signature="runScenario(io.cucumber.testng.PickleWrapper,io.cucumber.testng.FeatureWrapper)[pri:0, instance:testRunner.RunTest@4fb0f2b9]" started-at="2023-05-09T16:30:29 EDT" name="runScenario" description="Runs Cucumber Scenarios" data-provider="scenarios" finished-at="2023-05-09T16:30:31 EDT" duration-ms="1509" status="PASS">
          <params>
            <param index="0">
              <value>
                <![CDATA["Validate  python code for 'Operations in Stack' tryEditor"]]>
              </value>
            </param>
            <param index="1">
              <value>
                <![CDATA["Optional[Stack]"]]>
              </value>
            </param>
          </params>
          <reporter-output>
          </reporter-output>
        </test-method> <!-- runScenario -->
        <test-method signature="runScenario(io.cucumber.testng.PickleWrapper,io.cucumber.testng.FeatureWrapper)[pri:0, instance:testRunner.RunTest@4fb0f2b9]" started-at="2023-05-09T16:30:31 EDT" name="runScenario" description="Runs Cucumber Scenarios" data-provider="scenarios" finished-at="2023-05-09T16:30:33 EDT" duration-ms="1910" status="PASS">
          <params>
            <param index="0">
              <value>
                <![CDATA["Validation invalid python code for 'Operations in Stack' TryEditor"]]>
              </value>
            </param>
            <param index="1">
              <value>
                <![CDATA["Optional[Stack]"]]>
              </value>
            </param>
          </params>
          <reporter-output>
          </reporter-output>
        </test-method> <!-- runScenario -->
        <test-method signature="runScenario(io.cucumber.testng.PickleWrapper,io.cucumber.testng.FeatureWrapper)[pri:0, instance:testRunner.RunTest@4fb0f2b9]" started-at="2023-05-09T16:30:33 EDT" name="runScenario" description="Runs Cucumber Scenarios" data-provider="scenarios" finished-at="2023-05-09T16:30:34 EDT" duration-ms="1530" status="PASS">
          <params>
            <param index="0">
              <value>
                <![CDATA["Validate  python code for 'Implementation' tryEditor"]]>
              </value>
            </param>
            <param index="1">
              <value>
                <![CDATA["Optional[Stack]"]]>
              </value>
            </param>
          </params>
          <reporter-output>
          </reporter-output>
        </test-method> <!-- runScenario -->
        <test-method signature="runScenario(io.cucumber.testng.PickleWrapper,io.cucumber.testng.FeatureWrapper)[pri:0, instance:testRunner.RunTest@4fb0f2b9]" started-at="2023-05-09T16:30:34 EDT" name="runScenario" description="Runs Cucumber Scenarios" data-provider="scenarios" finished-at="2023-05-09T16:30:36 EDT" duration-ms="1898" status="PASS">
          <params>
            <param index="0">
              <value>
                <![CDATA["Validation invalid python code for 'Implementation' TryEditor"]]>
              </value>
            </param>
            <param index="1">
              <value>
                <![CDATA["Optional[Stack]"]]>
              </value>
            </param>
          </params>
          <reporter-output>
          </reporter-output>
        </test-method> <!-- runScenario -->
        <test-method signature="runScenario(io.cucumber.testng.PickleWrapper,io.cucumber.testng.FeatureWrapper)[pri:0, instance:testRunner.RunTest@4fb0f2b9]" started-at="2023-05-09T16:30:36 EDT" name="runScenario" description="Runs Cucumber Scenarios" data-provider="scenarios" finished-at="2023-05-09T16:30:38 EDT" duration-ms="1509" status="PASS">
          <params>
            <param index="0">
              <value>
                <![CDATA["Validate  python code for 'Applications' tryEditor"]]>
              </value>
            </param>
            <param index="1">
              <value>
                <![CDATA["Optional[Stack]"]]>
              </value>
            </param>
          </params>
          <reporter-output>
          </reporter-output>
        </test-method> <!-- runScenario -->
        <test-method signature="runScenario(io.cucumber.testng.PickleWrapper,io.cucumber.testng.FeatureWrapper)[pri:0, instance:testRunner.RunTest@4fb0f2b9]" started-at="2023-05-09T16:30:38 EDT" name="runScenario" description="Runs Cucumber Scenarios" data-provider="scenarios" finished-at="2023-05-09T16:30:40 EDT" duration-ms="1904" status="PASS">
          <params>
            <param index="0">
              <value>
                <![CDATA["Validation invalid python code for 'Applications' TryEditor"]]>
              </value>
            </param>
            <param index="1">
              <value>
                <![CDATA["Optional[Stack]"]]>
              </value>
            </param>
          </params>
          <reporter-output>
          </reporter-output>
        </test-method> <!-- runScenario -->
        <test-method signature="runScenario(io.cucumber.testng.PickleWrapper,io.cucumber.testng.FeatureWrapper)[pri:0, instance:testRunner.RunTest@4fb0f2b9]" started-at="2023-05-09T16:30:40 EDT" name="runScenario" description="Runs Cucumber Scenarios" data-provider="scenarios" finished-at="2023-05-09T16:30:40 EDT" duration-ms="913" status="PASS">
          <params>
            <param index="0">
              <value>
                <![CDATA["Validating the Queue page features"]]>
              </value>
            </param>
            <param index="1">
              <value>
                <![CDATA["Optional[Validating the Queue page and its features]"]]>
              </value>
            </param>
          </params>
          <reporter-output>
          </reporter-output>
        </test-method> <!-- runScenario -->
        <test-method signature="runScenario(io.cucumber.testng.PickleWrapper,io.cucumber.testng.FeatureWrapper)[pri:0, instance:testRunner.RunTest@4fb0f2b9]" started-at="2023-05-09T16:30:40 EDT" name="runScenario" description="Runs Cucumber Scenarios" data-provider="scenarios" finished-at="2023-05-09T16:30:42 EDT" duration-ms="1258" status="PASS">
          <params>
            <param index="0">
              <value>
                <![CDATA["Verifying valid code in the text editor 'Implementation of Queue' in Python"]]>
              </value>
            </param>
            <param index="1">
              <value>
                <![CDATA["Optional[Validating the Queue page and its features]"]]>
              </value>
            </param>
          </params>
          <reporter-output>
          </reporter-output>
        </test-method> <!-- runScenario -->
        <test-method signature="runScenario(io.cucumber.testng.PickleWrapper,io.cucumber.testng.FeatureWrapper)[pri:0, instance:testRunner.RunTest@4fb0f2b9]" started-at="2023-05-09T16:30:42 EDT" name="runScenario" description="Runs Cucumber Scenarios" data-provider="scenarios" finished-at="2023-05-09T16:30:44 EDT" duration-ms="2471" status="PASS">
          <params>
            <param index="0">
              <value>
                <![CDATA["Verifying invalid code in the text editor - Implementation of Queue in Python"]]>
              </value>
            </param>
            <param index="1">
              <value>
                <![CDATA["Optional[Validating the Queue page and its features]"]]>
              </value>
            </param>
          </params>
          <reporter-output>
          </reporter-output>
        </test-method> <!-- runScenario -->
        <test-method signature="runScenario(io.cucumber.testng.PickleWrapper,io.cucumber.testng.FeatureWrapper)[pri:0, instance:testRunner.RunTest@4fb0f2b9]" started-at="2023-05-09T16:30:44 EDT" name="runScenario" description="Runs Cucumber Scenarios" data-provider="scenarios" finished-at="2023-05-09T16:30:44 EDT" duration-ms="274" status="PASS">
          <params>
            <param index="0">
              <value>
                <![CDATA["Validating 'Implementation using collections.deque' and its features"]]>
              </value>
            </param>
            <param index="1">
              <value>
                <![CDATA["Optional[Validating the Queue page and its features]"]]>
              </value>
            </param>
          </params>
          <reporter-output>
          </reporter-output>
        </test-method> <!-- runScenario -->
        <test-method signature="runScenario(io.cucumber.testng.PickleWrapper,io.cucumber.testng.FeatureWrapper)[pri:0, instance:testRunner.RunTest@4fb0f2b9]" started-at="2023-05-09T16:30:44 EDT" name="runScenario" description="Runs Cucumber Scenarios" data-provider="scenarios" finished-at="2023-05-09T16:30:46 EDT" duration-ms="1260" status="PASS">
          <params>
            <param index="0">
              <value>
                <![CDATA["Verifying valid code in the text editor - Implementation using collections.deque"]]>
              </value>
            </param>
            <param index="1">
              <value>
                <![CDATA["Optional[Validating the Queue page and its features]"]]>
              </value>
            </param>
          </params>
          <reporter-output>
          </reporter-output>
        </test-method> <!-- runScenario -->
        <test-method signature="runScenario(io.cucumber.testng.PickleWrapper,io.cucumber.testng.FeatureWrapper)[pri:0, instance:testRunner.RunTest@4fb0f2b9]" started-at="2023-05-09T16:30:46 EDT" name="runScenario" description="Runs Cucumber Scenarios" data-provider="scenarios" finished-at="2023-05-09T16:30:48 EDT" duration-ms="2437" status="PASS">
          <params>
            <param index="0">
              <value>
                <![CDATA["Verifying invalid code in the text editor - Implementation using collections.deque"]]>
              </value>
            </param>
            <param index="1">
              <value>
                <![CDATA["Optional[Validating the Queue page and its features]"]]>
              </value>
            </param>
          </params>
          <reporter-output>
          </reporter-output>
        </test-method> <!-- runScenario -->
        <test-method signature="runScenario(io.cucumber.testng.PickleWrapper,io.cucumber.testng.FeatureWrapper)[pri:0, instance:testRunner.RunTest@4fb0f2b9]" started-at="2023-05-09T16:30:48 EDT" name="runScenario" description="Runs Cucumber Scenarios" data-provider="scenarios" finished-at="2023-05-09T16:30:49 EDT" duration-ms="363" status="PASS">
          <params>
            <param index="0">
              <value>
                <![CDATA["Validating 'Implementation using array' and its features"]]>
              </value>
            </param>
            <param index="1">
              <value>
                <![CDATA["Optional[Validating the Queue page and its features]"]]>
              </value>
            </param>
          </params>
          <reporter-output>
          </reporter-output>
        </test-method> <!-- runScenario -->
        <test-method signature="runScenario(io.cucumber.testng.PickleWrapper,io.cucumber.testng.FeatureWrapper)[pri:0, instance:testRunner.RunTest@4fb0f2b9]" started-at="2023-05-09T16:30:49 EDT" name="runScenario" description="Runs Cucumber Scenarios" data-provider="scenarios" finished-at="2023-05-09T16:30:50 EDT" duration-ms="1250" status="PASS">
          <params>
            <param index="0">
              <value>
                <![CDATA["Verifying valid code in the text editor 'Implementation using array'"]]>
              </value>
            </param>
            <param index="1">
              <value>
                <![CDATA["Optional[Validating the Queue page and its features]"]]>
              </value>
            </param>
          </params>
          <reporter-output>
          </reporter-output>
        </test-method> <!-- runScenario -->
        <test-method signature="runScenario(io.cucumber.testng.PickleWrapper,io.cucumber.testng.FeatureWrapper)[pri:0, instance:testRunner.RunTest@4fb0f2b9]" started-at="2023-05-09T16:30:50 EDT" name="runScenario" description="Runs Cucumber Scenarios" data-provider="scenarios" finished-at="2023-05-09T16:30:52 EDT" duration-ms="2447" status="PASS">
          <params>
            <param index="0">
              <value>
                <![CDATA["Verifying invalid code in the text editor 'Implementation using array'"]]>
              </value>
            </param>
            <param index="1">
              <value>
                <![CDATA["Optional[Validating the Queue page and its features]"]]>
              </value>
            </param>
          </params>
          <reporter-output>
          </reporter-output>
        </test-method> <!-- runScenario -->
        <test-method signature="runScenario(io.cucumber.testng.PickleWrapper,io.cucumber.testng.FeatureWrapper)[pri:0, instance:testRunner.RunTest@4fb0f2b9]" started-at="2023-05-09T16:30:52 EDT" name="runScenario" description="Runs Cucumber Scenarios" data-provider="scenarios" finished-at="2023-05-09T16:30:53 EDT" duration-ms="353" status="PASS">
          <params>
            <param index="0">
              <value>
                <![CDATA["Validating Queue Operations and its features"]]>
              </value>
            </param>
            <param index="1">
              <value>
                <![CDATA["Optional[Validating the Queue page and its features]"]]>
              </value>
            </param>
          </params>
          <reporter-output>
[...]
              </value>
            </param>
          </params>
          <reporter-output>
          </reporter-output>
        </test-method> <!-- runScenario -->
        <test-method signature="runScenario(io.cucumber.testng.PickleWrapper,io.cucumber.testng.FeatureWrapper)[pri:0, instance:testRunner.RunTest@4fb0f2b9]" started-at="2023-05-09T16:31:29 EDT" name="runScenario" description="Runs Cucumber Scenarios" data-provider="scenarios" finished-at="2023-05-09T16:31:30 EDT" duration-ms="418" status="PASS">
          <params>
            <param index="0">
              <value>
                <![CDATA["Validating Binary Tree Traversals and its features"]]>
              </value>
            </param>
            <param index="1">
              <value>
                <![CDATA["Optional[Validating the Tree page and its features]"]]>
              </value>
            </param>
          </params>
          <reporter-output>
          </reporter-output>
        </test-method> <!-- runScenario -->
        <test-method signature="runScenario(io.cucumber.testng.PickleWrapper,io.cucumber.testng.FeatureWrapper)[pri:0, instance:testRunner.RunTest@4fb0f2b9]" started-at="2023-05-09T16:31:30 EDT" name="runScenario" description="Runs Cucumber Scenarios" data-provider="scenarios" finished-at="2023-05-09T16:31:31 EDT" duration-ms="1240" status="PASS">
          <params>
            <param index="0">
              <value>
                <![CDATA["Verifying valid code in the text editor - Binary Tree Traversals page"]]>
              </value>
            </param>
            <param index="1">
              <value>
                <![CDATA["Optional[Validating the Tree page and its features]"]]>
              </value>
            </param>
          </params>
          <reporter-output>
          </reporter-output>
        </test-method> <!-- runScenario -->
        <test-method signature="runScenario(io.cucumber.testng.PickleWrapper,io.cucumber.testng.FeatureWrapper)[pri:0, instance:testRunner.RunTest@4fb0f2b9]" started-at="2023-05-09T16:31:31 EDT" name="runScenario" description="Runs Cucumber Scenarios" data-provider="scenarios" finished-at="2023-05-09T16:31:33 EDT" duration-ms="2410" status="PASS">
          <params>
            <param index="0">
              <value>
                <![CDATA["Verifying invalid code in the text editor - Binary Tree Traversals page"]]>
              </value>
            </param>
            <param index="1">
              <value>
                <![CDATA["Optional[Validating the Tree page and its features]"]]>
              </value>
            </param>
          </params>
          <reporter-output>
          </reporter-output>
        </test-method> <!-- runScenario -->
        <test-method signature="runScenario(io.cucumber.testng.PickleWrapper,io.cucumber.testng.FeatureWrapper)[pri:0, instance:testRunner.RunTest@4fb0f2b9]" started-at="2023-05-09T16:31:33 EDT" name="runScenario" description="Runs Cucumber Scenarios" data-provider="scenarios" finished-at="2023-05-09T16:31:34 EDT" duration-ms="383" status="PASS">
          <params>
            <param index="0">
              <value>
                <![CDATA["Validating Implementation of Binary Trees and its features"]]>
              </value>
            </param>
            <param index="1">
              <value>
                <![CDATA["Optional[Validating the Tree page and its features]"]]>
              </value>
            </param>
          </params>
          <reporter-output>
          </reporter-output>
        </test-method> <!-- runScenario -->
        <test-method signature="runScenario(io.cucumber.testng.PickleWrapper,io.cucumber.testng.FeatureWrapper)[pri:0, instance:testRunner.RunTest@4fb0f2b9]" started-at="2023-05-09T16:31:34 EDT" name="runScenario" description="Runs Cucumber Scenarios" data-provider="scenarios" finished-at="2023-05-09T16:31:35 EDT" duration-ms="1232" status="PASS">
          <params>
            <param index="0">
              <value>
                <![CDATA["Verifying valid code in the text editor - Implementation of Binary Trees page"]]>
              </value>
            </param>
            <param index="1">
              <value>
                <![CDATA["Optional[Validating the Tree page and its features]"]]>
              </value>
            </param>
          </params>
          <reporter-output>
          </reporter-output>
        </test-method> <!-- runScenario -->
        <test-method signature="runScenario(io.cucumber.testng.PickleWrapper,io.cucumber.testng.FeatureWrapper)[pri:0, instance:testRunner.RunTest@4fb0f2b9]" started-at="2023-05-09T16:31:35 EDT" name="runScenario" description="Runs Cucumber Scenarios" data-provider="scenarios" finished-at="2023-05-09T16:31:38 EDT" duration-ms="2419" status="PASS">
          <params>
            <param index="0">
              <value>
                <![CDATA["Verifying invalid code in the text editor - Implementation of Binary Trees page"]]>
              </value>
            </param>
            <param index="1">
              <value>
                <![CDATA["Optional[Validating the Tree page and its features]"]]>
              </value>
            </param>
          </params>
          <reporter-output>
          </reporter-output>
        </test-method> <!-- runScenario -->
        <test-method signature="runScenario(io.cucumber.testng.PickleWrapper,io.cucumber.testng.FeatureWrapper)[pri:0, instance:testRunner.RunTest@4fb0f2b9]" started-at="2023-05-09T16:31:38 EDT" name="runScenario" description="Runs Cucumber Scenarios" data-provider="scenarios" finished-at="2023-05-09T16:31:38 EDT" duration-ms="374" status="PASS">
          <params>
            <param index="0">
              <value>
                <![CDATA["Validating Applications of Binary trees and its features"]]>
              </value>
            </param>
            <param index="1">
              <value>
                <![CDATA["Optional[Validating the Tree page and its features]"]]>
              </value>
            </param>
          </params>
          <reporter-output>
          </reporter-output>
        </test-method> <!-- runScenario -->
        <test-method signature="runScenario(io.cucumber.testng.PickleWrapper,io.cucumber.testng.FeatureWrapper)[pri:0, instance:testRunner.RunTest@4fb0f2b9]" started-at="2023-05-09T16:31:38 EDT" name="runScenario" description="Runs Cucumber Scenarios" data-provider="scenarios" finished-at="2023-05-09T16:31:39 EDT" duration-ms="1256" status="PASS">
          <params>
            <param index="0">
              <value>
                <![CDATA["Verifying valid code in the text editor - Applications of Binary trees page"]]>
              </value>
            </param>
            <param index="1">
              <value>
                <![CDATA["Optional[Validating the Tree page and its features]"]]>
              </value>
            </param>
          </params>
          <reporter-output>
          </reporter-output>
        </test-method> <!-- runScenario -->
        <test-method signature="runScenario(io.cucumber.testng.PickleWrapper,io.cucumber.testng.FeatureWrapper)[pri:0, instance:testRunner.RunTest@4fb0f2b9]" started-at="2023-05-09T16:31:39 EDT" name="runScenario" description="Runs Cucumber Scenarios" data-provider="scenarios" finished-at="2023-05-09T16:31:42 EDT" duration-ms="2430" status="PASS">
          <params>
            <param index="0">
              <value>
                <![CDATA["Verifying invalid code in the text editor - Applications of Binary trees page"]]>
              </value>
            </param>
            <param index="1">
              <value>
                <![CDATA["Optional[Validating the Tree page and its features]"]]>
              </value>
            </param>
          </params>
          <reporter-output>
          </reporter-output>
        </test-method> <!-- runScenario -->
        <test-method signature="runScenario(io.cucumber.testng.PickleWrapper,io.cucumber.testng.FeatureWrapper)[pri:0, instance:testRunner.RunTest@4fb0f2b9]" started-at="2023-05-09T16:31:42 EDT" name="runScenario" description="Runs Cucumber Scenarios" data-provider="scenarios" finished-at="2023-05-09T16:31:42 EDT" duration-ms="544" status="PASS">
          <params>
            <param index="0">
              <value>
                <![CDATA["Validating Binary Search Trees and its features"]]>
              </value>
            </param>
            <param index="1">
              <value>
                <![CDATA["Optional[Validating the Tree page and its features]"]]>
              </value>
            </param>
          </params>
          <reporter-output>
          </reporter-output>
        </test-method> <!-- runScenario -->
        <test-method signature="runScenario(io.cucumber.testng.PickleWrapper,io.cucumber.testng.FeatureWrapper)[pri:0, instance:testRunner.RunTest@4fb0f2b9]" started-at="2023-05-09T16:31:42 EDT" name="runScenario" description="Runs Cucumber Scenarios" data-provider="scenarios" finished-at="2023-05-09T16:31:43 EDT" duration-ms="1225" status="PASS">
          <params>
            <param index="0">
              <value>
                <![CDATA["Verifying valid code in the text editor - Binary Search Trees page"]]>
              </value>
            </param>
            <param index="1">
              <value>
                <![CDATA["Optional[Validating the Tree page and its features]"]]>
              </value>
            </param>
          </params>
          <reporter-output>
          </reporter-output>
        </test-method> <!-- runScenario -->
        <test-method signature="runScenario(io.cucumber.testng.PickleWrapper,io.cucumber.testng.FeatureWrapper)[pri:0, instance:testRunner.RunTest@4fb0f2b9]" started-at="2023-05-09T16:31:43 EDT" name="runScenario" description="Runs Cucumber Scenarios" data-provider="scenarios" finished-at="2023-05-09T16:31:46 EDT" duration-ms="2467" status="PASS">
          <params>
            <param index="0">
              <value>
                <![CDATA["Verifying invalid code in the text editor - Binary Search Trees page"]]>
              </value>
            </param>
            <param index="1">
              <value>
                <![CDATA["Optional[Validating the Tree page and its features]"]]>
              </value>
            </param>
          </params>
          <reporter-output>
          </reporter-output>
        </test-method> <!-- runScenario -->
        <test-method signature="runScenario(io.cucumber.testng.PickleWrapper,io.cucumber.testng.FeatureWrapper)[pri:0, instance:testRunner.RunTest@4fb0f2b9]" started-at="2023-05-09T16:31:46 EDT" name="runScenario" description="Runs Cucumber Scenarios" data-provider="scenarios" finished-at="2023-05-09T16:31:46 EDT" duration-ms="387" status="PASS">
          <params>
            <param index="0">
              <value>
                <![CDATA["Validating Implementation Of BST and its features"]]>
              </value>
            </param>
            <param index="1">
              <value>
                <![CDATA["Optional[Validating the Tree page and its features]"]]>
              </value>
            </param>
          </params>
          <reporter-output>
          </reporter-output>
        </test-method> <!-- runScenario -->
        <test-method signature="runScenario(io.cucumber.testng.PickleWrapper,io.cucumber.testng.FeatureWrapper)[pri:0, instance:testRunner.RunTest@4fb0f2b9]" started-at="2023-05-09T16:31:46 EDT" name="runScenario" description="Runs Cucumber Scenarios" data-provider="scenarios" finished-at="2023-05-09T16:31:47 EDT" duration-ms="1202" status="PASS">
          <params>
            <param index="0">
              <value>
                <![CDATA["Verifying valid code in the text editor - Implementation Of BST page"]]>
              </value>
            </param>
            <param index="1">
              <value>
                <![CDATA["Optional[Validating the Tree page and its features]"]]>
              </value>
            </param>
          </params>
          <reporter-output>
          </reporter-output>
        </test-method> <!-- runScenario -->
        <test-method signature="runScenario(io.cucumber.testng.PickleWrapper,io.cucumber.testng.FeatureWrapper)[pri:0, instance:testRunner.RunTest@4fb0f2b9]" started-at="2023-05-09T16:31:47 EDT" name="runScenario" description="Runs Cucumber Scenarios" data-provider="scenarios" finished-at="2023-05-09T16:31:50 EDT" duration-ms="2426" status="PASS">
          <params>
            <param index="0">
              <value>
                <![CDATA["Verifying invalid code in the text editor - Implementation Of BST page"]]>
              </value>
            </param>
            <param index="1">
              <value>
                <![CDATA["Optional[Validating the Tree page and its features]"]]>
              </value>
            </param>
          </params>
          <reporter-output>
          </reporter-output>
        </test-method> <!-- runScenario -->
        <test-method signature="runScenario(io.cucumber.testng.PickleWrapper,io.cucumber.testng.FeatureWrapper)[pri:0, instance:testRunner.RunTest@4fb0f2b9]" started-at="2023-05-09T16:31:50 EDT" name="runScenario" description="Runs Cucumber Scenarios" data-provider="scenarios" finished-at="2023-05-09T16:31:51 EDT" duration-ms="694" status="PASS">
          <params>
            <param index="0">
              <value>
                <![CDATA["Validate Graph page"]]>
              </value>
            </param>
            <param index="1">
              <value>
                <![CDATA["Optional[Graph]"]]>
              </value>
            </param>
          </params>
          <reporter-output>
          </reporter-output>
        </test-method> <!-- runScenario -->
        <test-method signature="runScenario(io.cucumber.testng.PickleWrapper,io.cucumber.testng.FeatureWrapper)[pri:0, instance:testRunner.RunTest@4fb0f2b9]" started-at="2023-05-09T16:31:51 EDT" name="runScenario" description="Runs Cucumber Scenarios" data-provider="scenarios" finished-at="2023-05-09T16:31:51 EDT" duration-ms="192" status="PASS">
          <params>
            <param index="0">
              <value>
                <![CDATA["Validate 'Graph' link"]]>
              </value>
            </param>
            <param index="1">
              <value>
                <![CDATA["Optional[Graph]"]]>
              </value>
            </param>
          </params>
          <reporter-output>
          </reporter-output>
        </test-method> <!-- runScenario -->
        <test-method signature="runScenario(io.cucumber.testng.PickleWrapper,io.cucumber.testng.FeatureWrapper)[pri:0, instance:testRunner.RunTest@4fb0f2b9]" started-at="2023-05-09T16:31:51 EDT" name="runScenario" description="Runs Cucumber Scenarios" data-provider="scenarios" finished-at="2023-05-09T16:31:51 EDT" duration-ms="177" status="PASS">
          <params>
            <param index="0">
              <value>
                <![CDATA["Validate 'Graph Representations' link"]]>
              </value>
            </param>
            <param index="1">
              <value>
                <![CDATA["Optional[Graph]"]]>
              </value>
            </param>
          </params>
          <reporter-output>
          </reporter-output>
        </test-method> <!-- runScenario -->
        <test-method signature="runScenario(io.cucumber.testng.PickleWrapper,io.cucumber.testng.FeatureWrapper)[pri:0, instance:testRunner.RunTest@4fb0f2b9]" started-at="2023-05-09T16:31:51 EDT" name="runScenario" description="Runs Cucumber Scenarios" data-provider="scenarios" finished-at="2023-05-09T16:31:52 EDT" duration-ms="1492" status="PASS">
          <params>
            <param index="0">
              <value>
                <![CDATA["Validate  python code for 'Graph' tryEditor"]]>
              </value>
            </param>
            <param index="1">
              <value>
                <![CDATA["Optional[Graph]"]]>
              </value>
            </param>
          </params>
          <reporter-output>
          </reporter-output>
        </test-method> <!-- runScenario -->
        <test-method signature="runScenario(io.cucumber.testng.PickleWrapper,io.cucumber.testng.FeatureWrapper)[pri:0, instance:testRunner.RunTest@4fb0f2b9]" started-at="2023-05-09T16:31:52 EDT" name="runScenario" description="Runs Cucumber Scenarios" data-provider="scenarios" finished-at="2023-05-09T16:31:54 EDT" duration-ms="1919" status="PASS">
          <params>
            <param index="0">
              <value>
                <![CDATA["Validation invalid python code for 'Graph' TryEditor"]]>
              </value>
            </param>
            <param index="1">
              <value>
                <![CDATA["Optional[Graph]"]]>
              </value>
            </param>
          </params>
          <reporter-output>
          </reporter-output>
        </test-method> <!-- runScenario -->
        <test-method signature="runScenario(io.cucumber.testng.PickleWrapper,io.cucumber.testng.FeatureWrapper)[pri:0, instance:testRunner.RunTest@4fb0f2b9]" started-at="2023-05-09T16:31:54 EDT" name="runScenario" description="Runs Cucumber Scenarios" data-provider="scenarios" finished-at="2023-05-09T16:31:56 EDT" duration-ms="1530" status="PASS">
          <params>
            <param index="0">
              <value>
                <![CDATA["Validate  python code for 'Graph Representations' tryEditor"]]>
              </value>
            </param>
            <param index="1">
              <value>
                <![CDATA["Optional[Graph]"]]>
              </value>
            </param>
          </params>
          <reporter-output>
          </reporter-output>
        </test-method> <!-- runScenario -->
        <test-method signature="runScenario(io.cucumber.testng.PickleWrapper,io.cucumber.testng.FeatureWrapper)[pri:0, instance:testRunner.RunTest@4fb0f2b9]" started-at="2023-05-09T16:31:56 EDT" name="runScenario" description="Runs Cucumber Scenarios" data-provider="scenarios" finished-at="2023-05-09T16:31:58 EDT" duration-ms="1904" status="PASS">
          <params>
            <param index="0">
              <value>
                <![CDATA["Validation invalid python code for 'Graph Representations' TryEditor"]]>
              </value>
            </param>
            <param index="1">
              <value>
                <![CDATA["Optional[Graph]"]]>
              </value>
            </param>
          </params>
          <reporter-output>
          </reporter-output>
        </test-method> <!-- runScenario -->
        <test-method signature="runScenario(io.cucumber.testng.PickleWrapper,io.cucumber.testng.FeatureWrapper)[pri:0, instance:testRunner.RunTest@4fb0f2b9]" started-at="2023-05-09T16:31:58 EDT" name="runScenario" description="Runs Cucumber Scenarios" data-provider="scenarios" finished-at="2023-05-09T16:31:58 EDT" duration-ms="108" status="PASS">
          <params>
            <param index="0">
              <value>
                <![CDATA["Validate Practice Question link"]]>
              </value>
            </param>
            <param index="1">
              <value>
                <![CDATA["Optional[Graph]"]]>
              </value>
            </param>
          </params>
          <reporter-output>
          </reporter-output>
        </test-method> <!-- runScenario -->
        <test-method is-config="true" signature="tearDownClass()[pri:0, instance:testRunner.RunTest@4fb0f2b9]" started-at="2023-05-09T16:31:58 EDT" name="tearDownClass" finished-at="2023-05-09T16:32:01 EDT" duration-ms="3003" status="PASS">
          <reporter-output>
          </reporter-output>
        </test-method> <!-- tearDownClass -->
      </class> <!-- testRunner.RunTest -->
    </test> <!-- Default test -->
  </suite> <!-- Default suite -->
</testng-results>
